{"/home/roberta/Área de Trabalho/projeto19-drivenpass/src/app.ts": {"path":"/home/roberta/Área de Trabalho/projeto19-drivenpass/src/app.ts","statementMap":{"0":{"start":{"line":1,"column":0},"end":{"line":1,"column":26}},"1":{"start":{"line":2,"column":0},"end":{"line":2,"column":30}},"2":{"start":{"line":3,"column":0},"end":{"line":3,"column":43}},"3":{"start":{"line":4,"column":0},"end":{"line":4,"column":24}},"4":{"start":{"line":5,"column":0},"end":{"line":5,"column":60}},"5":{"start":{"line":7,"column":0},"end":{"line":7,"column":10}},"6":{"start":{"line":9,"column":0},"end":{"line":9,"column":74}},"7":{"start":{"line":12,"column":12},"end":{"line":12,"column":21}},"8":{"start":{"line":13,"column":0},"end":{"line":18,"column":null}},"9":{"start":{"line":21,"column":2},"end":{"line":21,"column":14}},"10":{"start":{"line":22,"column":2},"end":{"line":22,"column":30}},"11":{"start":{"line":20,"column":0},"end":{"line":20,"column":16}},"12":{"start":{"line":26,"column":2},"end":{"line":26,"column":23}},"13":{"start":{"line":25,"column":0},"end":{"line":25,"column":7}},"14":{"start":{"line":29,"column":0},"end":{"line":29,"column":19}}},"fnMap":{"0":{"name":"init","decl":{"start":{"line":20,"column":16},"end":{"line":20,"column":20}},"loc":{"start":{"line":20,"column":20},"end":{"line":23,"column":1}}},"1":{"name":"close","decl":{"start":{"line":25,"column":22},"end":{"line":25,"column":27}},"loc":{"start":{"line":25,"column":27},"end":{"line":27,"column":1}}}},"branchMap":{},"s":{"0":3,"1":3,"2":3,"3":3,"4":3,"5":3,"6":3,"7":3,"8":3,"9":3,"10":3,"11":3,"12":0,"13":3,"14":3},"f":{"0":3,"1":0},"b":{}}
,"/home/roberta/Área de Trabalho/projeto19-drivenpass/src/config/database.ts": {"path":"/home/roberta/Área de Trabalho/projeto19-drivenpass/src/config/database.ts","statementMap":{"0":{"start":{"line":1,"column":0},"end":{"line":1,"column":46}},"1":{"start":{"line":5,"column":2},"end":{"line":5,"column":30}},"2":{"start":{"line":4,"column":0},"end":{"line":4,"column":16}},"3":{"start":{"line":9,"column":2},"end":{"line":9,"column":30}},"4":{"start":{"line":8,"column":0},"end":{"line":8,"column":7}}},"fnMap":{"0":{"name":"connectDb","decl":{"start":{"line":4,"column":16},"end":{"line":4,"column":25}},"loc":{"start":{"line":4,"column":25},"end":{"line":6,"column":1}}},"1":{"name":"disconnectDB","decl":{"start":{"line":8,"column":22},"end":{"line":8,"column":34}},"loc":{"start":{"line":8,"column":34},"end":{"line":10,"column":1}}}},"branchMap":{},"s":{"0":3,"1":3,"2":3,"3":0,"4":3},"f":{"0":3,"1":0},"b":{}}
,"/home/roberta/Área de Trabalho/projeto19-drivenpass/src/config/envs.ts": {"path":"/home/roberta/Área de Trabalho/projeto19-drivenpass/src/config/envs.ts","statementMap":{"0":{"start":{"line":1,"column":0},"end":{"line":1,"column":28}},"1":{"start":{"line":2,"column":0},"end":{"line":2,"column":41}},"2":{"start":{"line":6,"column":4},"end":{"line":10,"column":16}},"3":{"start":{"line":12,"column":22},"end":{"line":12,"column":45}},"4":{"start":{"line":13,"column":2},"end":{"line":13,"column":35}},"5":{"start":{"line":4,"column":0},"end":{"line":4,"column":16}}},"fnMap":{"0":{"name":"loadEnv","decl":{"start":{"line":4,"column":16},"end":{"line":4,"column":23}},"loc":{"start":{"line":4,"column":23},"end":{"line":14,"column":1}}}},"branchMap":{"0":{"loc":{"start":{"line":6,"column":4},"end":{"line":10,"column":16}},"type":"cond-expr","locations":[{"start":{"line":7,"column":8},"end":{"line":7,"column":19}},{"start":{"line":8,"column":8},"end":{"line":10,"column":16}}]},"1":{"loc":{"start":{"line":8,"column":8},"end":{"line":10,"column":16}},"type":"cond-expr","locations":[{"start":{"line":9,"column":10},"end":{"line":9,"column":28}},{"start":{"line":10,"column":10},"end":{"line":10,"column":16}}]}},"s":{"0":3,"1":3,"2":6,"3":6,"4":6,"5":3},"f":{"0":6},"b":{"0":[6,0],"1":[0,0]}}
,"/home/roberta/Área de Trabalho/projeto19-drivenpass/src/config/index.ts": {"path":"/home/roberta/Área de Trabalho/projeto19-drivenpass/src/config/index.ts","statementMap":{"0":{"start":{"line":1,"column":0},"end":{"line":1,"column":23}},"1":{"start":{"line":2,"column":0},"end":{"line":2,"column":27}}},"fnMap":{},"branchMap":{},"s":{"0":3,"1":3},"f":{},"b":{}}
,"/home/roberta/Área de Trabalho/projeto19-drivenpass/src/controllers/credentials-controller.ts": {"path":"/home/roberta/Área de Trabalho/projeto19-drivenpass/src/controllers/credentials-controller.ts","statementMap":{"0":{"start":{"line":1,"column":0},"end":{"line":1,"column":63}},"1":{"start":{"line":3,"column":0},"end":{"line":3,"column":37}},"2":{"start":{"line":7,"column":44},"end":{"line":7,"column":52}},"3":{"start":{"line":9,"column":17},"end":{"line":9,"column":27}},"4":{"start":{"line":11,"column":2},"end":{"line":18,"column":null}},"5":{"start":{"line":13,"column":23},"end":{"line":13,"column":104}},"6":{"start":{"line":15,"column":4},"end":{"line":15,"column":46}},"7":{"start":{"line":17,"column":6},"end":{"line":17,"column":57}},"8":{"start":{"line":6,"column":0},"end":{"line":6,"column":7}},"9":{"start":{"line":23,"column":17},"end":{"line":23,"column":27}},"10":{"start":{"line":25,"column":2},"end":{"line":31,"column":null}},"11":{"start":{"line":27,"column":28},"end":{"line":27,"column":74}},"12":{"start":{"line":28,"column":4},"end":{"line":28,"column":null}},"13":{"start":{"line":30,"column":4},"end":{"line":30,"column":58}},"14":{"start":{"line":21,"column":0},"end":{"line":21,"column":7}},"15":{"start":{"line":37,"column":17},"end":{"line":37,"column":27}},"16":{"start":{"line":39,"column":13},"end":{"line":39,"column":34}},"17":{"start":{"line":41,"column":2},"end":{"line":46,"column":null}},"18":{"start":{"line":42,"column":27},"end":{"line":42,"column":81}},"19":{"start":{"line":43,"column":4},"end":{"line":43,"column":58}},"20":{"start":{"line":45,"column":6},"end":{"line":45,"column":61}},"21":{"start":{"line":35,"column":0},"end":{"line":35,"column":7}}},"fnMap":{"0":{"name":"credentialPost","decl":{"start":{"line":6,"column":22},"end":{"line":6,"column":36}},"loc":{"start":{"line":6,"column":77},"end":{"line":19,"column":1}}},"1":{"name":"credentialGet","decl":{"start":{"line":21,"column":22},"end":{"line":21,"column":35}},"loc":{"start":{"line":21,"column":76},"end":{"line":32,"column":1}}},"2":{"name":"credentialGetById","decl":{"start":{"line":35,"column":22},"end":{"line":35,"column":39}},"loc":{"start":{"line":35,"column":80},"end":{"line":47,"column":3}}}},"branchMap":{},"s":{"0":3,"1":3,"2":2,"3":2,"4":2,"5":2,"6":1,"7":1,"8":3,"9":0,"10":0,"11":0,"12":0,"13":0,"14":3,"15":3,"16":3,"17":3,"18":3,"19":1,"20":2,"21":3},"f":{"0":2,"1":0,"2":3},"b":{}}
,"/home/roberta/Área de Trabalho/projeto19-drivenpass/src/controllers/index.ts": {"path":"/home/roberta/Área de Trabalho/projeto19-drivenpass/src/controllers/index.ts","statementMap":{"0":{"start":{"line":1,"column":0},"end":{"line":1,"column":34}},"1":{"start":{"line":2,"column":0},"end":{"line":2,"column":40}},"2":{"start":{"line":3,"column":0},"end":{"line":3,"column":37}}},"fnMap":{},"branchMap":{},"s":{"0":3,"1":3,"2":3},"f":{},"b":{}}
,"/home/roberta/Área de Trabalho/projeto19-drivenpass/src/controllers/networks-controller.ts": {"path":"/home/roberta/Área de Trabalho/projeto19-drivenpass/src/controllers/networks-controller.ts","statementMap":{"0":{"start":{"line":2,"column":0},"end":{"line":2,"column":37}},"1":{"start":{"line":4,"column":0},"end":{"line":4,"column":57}},"2":{"start":{"line":8,"column":38},"end":{"line":8,"column":46}},"3":{"start":{"line":10,"column":17},"end":{"line":10,"column":27}},"4":{"start":{"line":11,"column":2},"end":{"line":11,"column":null}},"5":{"start":{"line":13,"column":2},"end":{"line":20,"column":null}},"6":{"start":{"line":15,"column":28},"end":{"line":15,"column":97}},"7":{"start":{"line":17,"column":4},"end":{"line":17,"column":46}},"8":{"start":{"line":19,"column":6},"end":{"line":19,"column":57}},"9":{"start":{"line":6,"column":0},"end":{"line":6,"column":7}},"10":{"start":{"line":25,"column":19},"end":{"line":25,"column":29}},"11":{"start":{"line":27,"column":4},"end":{"line":33,"column":null}},"12":{"start":{"line":29,"column":30},"end":{"line":29,"column":70}},"13":{"start":{"line":30,"column":6},"end":{"line":30,"column":null}},"14":{"start":{"line":32,"column":6},"end":{"line":32,"column":60}},"15":{"start":{"line":23,"column":0},"end":{"line":23,"column":7}},"16":{"start":{"line":37,"column":19},"end":{"line":37,"column":29}},"17":{"start":{"line":39,"column":15},"end":{"line":39,"column":36}},"18":{"start":{"line":41,"column":4},"end":{"line":46,"column":null}},"19":{"start":{"line":42,"column":26},"end":{"line":42,"column":74}},"20":{"start":{"line":43,"column":6},"end":{"line":43,"column":57}},"21":{"start":{"line":45,"column":8},"end":{"line":45,"column":63}},"22":{"start":{"line":35,"column":2},"end":{"line":35,"column":9}}},"fnMap":{"0":{"name":"networkPost","decl":{"start":{"line":6,"column":22},"end":{"line":6,"column":33}},"loc":{"start":{"line":6,"column":74},"end":{"line":21,"column":1}}},"1":{"name":"networkGet","decl":{"start":{"line":23,"column":22},"end":{"line":23,"column":32}},"loc":{"start":{"line":23,"column":73},"end":{"line":34,"column":3}}},"2":{"name":"networkGetById","decl":{"start":{"line":35,"column":24},"end":{"line":35,"column":38}},"loc":{"start":{"line":35,"column":79},"end":{"line":47,"column":5}}}},"branchMap":{},"s":{"0":3,"1":3,"2":1,"3":1,"4":1,"5":1,"6":1,"7":0,"8":1,"9":3,"10":0,"11":0,"12":0,"13":0,"14":0,"15":3,"16":3,"17":3,"18":3,"19":3,"20":1,"21":2,"22":3},"f":{"0":1,"1":0,"2":3},"b":{}}
,"/home/roberta/Área de Trabalho/projeto19-drivenpass/src/controllers/users-controller.ts": {"path":"/home/roberta/Área de Trabalho/projeto19-drivenpass/src/controllers/users-controller.ts","statementMap":{"0":{"start":{"line":1,"column":0},"end":{"line":1,"column":51}},"1":{"start":{"line":3,"column":0},"end":{"line":3,"column":37}},"2":{"start":{"line":6,"column":30},"end":{"line":6,"column":38}},"3":{"start":{"line":7,"column":2},"end":{"line":12,"column":null}},"4":{"start":{"line":8,"column":4},"end":{"line":8,"column":54}},"5":{"start":{"line":9,"column":4},"end":{"line":9,"column":46}},"6":{"start":{"line":11,"column":4},"end":{"line":11,"column":55}},"7":{"start":{"line":5,"column":0},"end":{"line":5,"column":7}},"8":{"start":{"line":17,"column":30},"end":{"line":17,"column":38}},"9":{"start":{"line":18,"column":2},"end":{"line":27,"column":null}},"10":{"start":{"line":19,"column":19},"end":{"line":19,"column":63}},"11":{"start":{"line":21,"column":4},"end":{"line":21,"column":null}},"12":{"start":{"line":23,"column":4},"end":{"line":25,"column":null}},"13":{"start":{"line":24,"column":6},"end":{"line":24,"column":61}},"14":{"start":{"line":26,"column":4},"end":{"line":26,"column":58}},"15":{"start":{"line":15,"column":0},"end":{"line":15,"column":7}}},"fnMap":{"0":{"name":"userCreate","decl":{"start":{"line":5,"column":22},"end":{"line":5,"column":32}},"loc":{"start":{"line":5,"column":60},"end":{"line":13,"column":1}}},"1":{"name":"userLogIn","decl":{"start":{"line":15,"column":22},"end":{"line":15,"column":31}},"loc":{"start":{"line":15,"column":59},"end":{"line":28,"column":1}}}},"branchMap":{"0":{"loc":{"start":{"line":23,"column":4},"end":{"line":25,"column":null}},"type":"if","locations":[{"start":{"line":23,"column":4},"end":{"line":25,"column":null}}]}},"s":{"0":3,"1":3,"2":2,"3":2,"4":2,"5":1,"6":1,"7":3,"8":3,"9":3,"10":3,"11":1,"12":2,"13":2,"14":0,"15":3},"f":{"0":2,"1":3},"b":{"0":[2]}}
,"/home/roberta/Área de Trabalho/projeto19-drivenpass/src/errors/index.ts": {"path":"/home/roberta/Área de Trabalho/projeto19-drivenpass/src/errors/index.ts","statementMap":{"0":{"start":{"line":1,"column":0},"end":{"line":1,"column":37}},"1":{"start":{"line":2,"column":0},"end":{"line":2,"column":36}}},"fnMap":{},"branchMap":{},"s":{"0":3,"1":3},"f":{},"b":{}}
,"/home/roberta/Área de Trabalho/projeto19-drivenpass/src/errors/invalid-data-error.ts": {"path":"/home/roberta/Área de Trabalho/projeto19-drivenpass/src/errors/invalid-data-error.ts","statementMap":{"0":{"start":{"line":4,"column":2},"end":{"line":8,"column":4}},"1":{"start":{"line":3,"column":0},"end":{"line":3,"column":16}}},"fnMap":{"0":{"name":"invalidDataError","decl":{"start":{"line":3,"column":16},"end":{"line":3,"column":32}},"loc":{"start":{"line":3,"column":50},"end":{"line":9,"column":1}}}},"branchMap":{},"s":{"0":6,"1":3},"f":{"0":6},"b":{}}
,"/home/roberta/Área de Trabalho/projeto19-drivenpass/src/errors/unauthorized-error.ts": {"path":"/home/roberta/Área de Trabalho/projeto19-drivenpass/src/errors/unauthorized-error.ts","statementMap":{"0":{"start":{"line":4,"column":2},"end":{"line":7,"column":4}},"1":{"start":{"line":3,"column":0},"end":{"line":3,"column":16}}},"fnMap":{"0":{"name":"unauthorizedError","decl":{"start":{"line":3,"column":16},"end":{"line":3,"column":33}},"loc":{"start":{"line":3,"column":33},"end":{"line":8,"column":1}}}},"branchMap":{},"s":{"0":12,"1":3},"f":{"0":12},"b":{}}
,"/home/roberta/Área de Trabalho/projeto19-drivenpass/src/middlewares/authentication-middleware.ts": {"path":"/home/roberta/Área de Trabalho/projeto19-drivenpass/src/middlewares/authentication-middleware.ts","statementMap":{"0":{"start":{"line":2,"column":0},"end":{"line":2,"column":37}},"1":{"start":{"line":3,"column":0},"end":{"line":3,"column":36}},"2":{"start":{"line":5,"column":0},"end":{"line":5,"column":45}},"3":{"start":{"line":9,"column":21},"end":{"line":9,"column":48}},"4":{"start":{"line":10,"column":2},"end":{"line":10,"column":60}},"5":{"start":{"line":10,"column":19},"end":{"line":10,"column":60}},"6":{"start":{"line":12,"column":16},"end":{"line":12,"column":40}},"7":{"start":{"line":13,"column":2},"end":{"line":13,"column":55}},"8":{"start":{"line":13,"column":14},"end":{"line":13,"column":55}},"9":{"start":{"line":15,"column":2},"end":{"line":23,"column":null}},"10":{"start":{"line":16,"column":23},"end":{"line":16,"column":78}},"11":{"start":{"line":18,"column":4},"end":{"line":18,"column":24}},"12":{"start":{"line":20,"column":4},"end":{"line":20,"column":18}},"13":{"start":{"line":22,"column":4},"end":{"line":22,"column":45}},"14":{"start":{"line":8,"column":0},"end":{"line":8,"column":7}},"15":{"start":{"line":27,"column":2},"end":{"line":27,"column":64}}},"fnMap":{"0":{"name":"authenticateToken","decl":{"start":{"line":8,"column":22},"end":{"line":8,"column":39}},"loc":{"start":{"line":8,"column":100},"end":{"line":24,"column":1}}},"1":{"name":"generateUnauthorizedResponse","decl":{"start":{"line":26,"column":9},"end":{"line":26,"column":37}},"loc":{"start":{"line":26,"column":51},"end":{"line":28,"column":1}}}},"branchMap":{"0":{"loc":{"start":{"line":10,"column":2},"end":{"line":10,"column":60}},"type":"if","locations":[{"start":{"line":10,"column":2},"end":{"line":10,"column":60}}]},"1":{"loc":{"start":{"line":13,"column":2},"end":{"line":13,"column":55}},"type":"if","locations":[{"start":{"line":13,"column":2},"end":{"line":13,"column":55}}]}},"s":{"0":3,"1":3,"2":3,"3":23,"4":23,"5":6,"6":17,"7":17,"8":0,"9":17,"10":17,"11":11,"12":11,"13":6,"14":3,"15":12},"f":{"0":23,"1":12},"b":{"0":[6],"1":[0]}}
,"/home/roberta/Área de Trabalho/projeto19-drivenpass/src/middlewares/index.ts": {"path":"/home/roberta/Área de Trabalho/projeto19-drivenpass/src/middlewares/index.ts","statementMap":{"0":{"start":{"line":1,"column":0},"end":{"line":1,"column":40}},"1":{"start":{"line":2,"column":0},"end":{"line":2,"column":44}}},"fnMap":{},"branchMap":{},"s":{"0":3,"1":3},"f":{},"b":{}}
,"/home/roberta/Área de Trabalho/projeto19-drivenpass/src/middlewares/validation-middleware.ts": {"path":"/home/roberta/Área de Trabalho/projeto19-drivenpass/src/middlewares/validation-middleware.ts","statementMap":{"0":{"start":{"line":1,"column":0},"end":{"line":1,"column":44}},"1":{"start":{"line":3,"column":0},"end":{"line":3,"column":37}},"2":{"start":{"line":7,"column":2},"end":{"line":7,"column":34}},"3":{"start":{"line":6,"column":0},"end":{"line":6,"column":16}},"4":{"start":{"line":11,"column":2},"end":{"line":11,"column":36}},"5":{"start":{"line":10,"column":0},"end":{"line":10,"column":16}},"6":{"start":{"line":15,"column":2},"end":{"line":25,"column":4}},"7":{"start":{"line":16,"column":22},"end":{"line":18,"column":6}},"8":{"start":{"line":20,"column":4},"end":{"line":24,"column":null}},"9":{"start":{"line":21,"column":6},"end":{"line":21,"column":13}},"10":{"start":{"line":23,"column":6},"end":{"line":23,"column":101}},"11":{"start":{"line":23,"column":88},"end":{"line":23,"column":97}}},"fnMap":{"0":{"name":"validateBody","decl":{"start":{"line":6,"column":16},"end":{"line":6,"column":28}},"loc":{"start":{"line":6,"column":55},"end":{"line":8,"column":1}}},"1":{"name":"validateParams","decl":{"start":{"line":10,"column":16},"end":{"line":10,"column":30}},"loc":{"start":{"line":10,"column":57},"end":{"line":12,"column":1}}},"2":{"name":"validate","decl":{"start":{"line":14,"column":9},"end":{"line":14,"column":17}},"loc":{"start":{"line":14,"column":63},"end":{"line":26,"column":1}}},"3":{"name":"(anonymous_4)","decl":{"start":{"line":15,"column":9},"end":{"line":15,"column":10}},"loc":{"start":{"line":15,"column":61},"end":{"line":25,"column":3}}},"4":{"name":"(anonymous_5)","decl":{"start":{"line":23,"column":81},"end":{"line":23,"column":82}},"loc":{"start":{"line":23,"column":88},"end":{"line":23,"column":97}}}},"branchMap":{"0":{"loc":{"start":{"line":20,"column":4},"end":{"line":24,"column":null}},"type":"if","locations":[{"start":{"line":20,"column":4},"end":{"line":24,"column":null}},{"start":{"line":22,"column":11},"end":{"line":24,"column":null}}]}},"s":{"0":3,"1":3,"2":12,"3":3,"4":0,"5":3,"6":12,"7":14,"8":14,"9":8,"10":6,"11":19},"f":{"0":12,"1":0,"2":12,"3":14,"4":19},"b":{"0":[8,6]}}
,"/home/roberta/Área de Trabalho/projeto19-drivenpass/src/repositories/creedential-repository/index.ts": {"path":"/home/roberta/Área de Trabalho/projeto19-drivenpass/src/repositories/creedential-repository/index.ts","statementMap":{"0":{"start":{"line":1,"column":0},"end":{"line":1,"column":34}},"1":{"start":{"line":6,"column":22},"end":{"line":11,"column":4}},"2":{"start":{"line":13,"column":2},"end":{"line":13,"column":null}},"3":{"start":{"line":19,"column":3},"end":{"line":27,"column":7}},"4":{"start":{"line":29,"column":4},"end":{"line":29,"column":10}},"5":{"start":{"line":35,"column":29},"end":{"line":39,"column":6}},"6":{"start":{"line":41,"column":4},"end":{"line":41,"column":null}},"7":{"start":{"line":46,"column":29},"end":{"line":50,"column":6}},"8":{"start":{"line":52,"column":4},"end":{"line":52,"column":null}},"9":{"start":{"line":56,"column":29},"end":{"line":62,"column":2}},"10":{"start":{"line":64,"column":0},"end":{"line":64,"column":36}}},"fnMap":{"0":{"name":"findCredentailByUserAndTitle","decl":{"start":{"line":4,"column":15},"end":{"line":4,"column":43}},"loc":{"start":{"line":4,"column":73},"end":{"line":15,"column":1}}},"1":{"name":"createCrendentialValid","decl":{"start":{"line":17,"column":15},"end":{"line":17,"column":37}},"loc":{"start":{"line":17,"column":115},"end":{"line":31,"column":3}}},"2":{"name":"findCredentailByUser","decl":{"start":{"line":33,"column":17},"end":{"line":33,"column":37}},"loc":{"start":{"line":33,"column":52},"end":{"line":43,"column":3}}},"3":{"name":"findCredentailById","decl":{"start":{"line":44,"column":17},"end":{"line":44,"column":35}},"loc":{"start":{"line":44,"column":46},"end":{"line":54,"column":3}}}},"branchMap":{},"s":{"0":3,"1":2,"2":2,"3":1,"4":1,"5":0,"6":0,"7":3,"8":3,"9":3,"10":3},"f":{"0":2,"1":1,"2":0,"3":3},"b":{}}
,"/home/roberta/Área de Trabalho/projeto19-drivenpass/src/repositories/network-repository/index.ts": {"path":"/home/roberta/Área de Trabalho/projeto19-drivenpass/src/repositories/network-repository/index.ts","statementMap":{"0":{"start":{"line":1,"column":0},"end":{"line":1,"column":34}},"1":{"start":{"line":6,"column":20},"end":{"line":11,"column":6}},"2":{"start":{"line":12,"column":4},"end":{"line":12,"column":null}},"3":{"start":{"line":18,"column":4},"end":{"line":25,"column":7}},"4":{"start":{"line":33,"column":26},"end":{"line":37,"column":6}},"5":{"start":{"line":39,"column":4},"end":{"line":39,"column":null}},"6":{"start":{"line":45,"column":26},"end":{"line":49,"column":6}},"7":{"start":{"line":51,"column":4},"end":{"line":51,"column":null}},"8":{"start":{"line":55,"column":26},"end":{"line":61,"column":2}},"9":{"start":{"line":62,"column":0},"end":{"line":62,"column":33}}},"fnMap":{"0":{"name":"findNetworkByUserAndTitle","decl":{"start":{"line":4,"column":15},"end":{"line":4,"column":40}},"loc":{"start":{"line":4,"column":70},"end":{"line":14,"column":1}}},"1":{"name":"createNetworkValid","decl":{"start":{"line":16,"column":15},"end":{"line":16,"column":33}},"loc":{"start":{"line":16,"column":97},"end":{"line":29,"column":1}}},"2":{"name":"findNetworkByUser","decl":{"start":{"line":31,"column":15},"end":{"line":31,"column":32}},"loc":{"start":{"line":31,"column":47},"end":{"line":41,"column":3}}},"3":{"name":"findNetworkById","decl":{"start":{"line":43,"column":17},"end":{"line":43,"column":32}},"loc":{"start":{"line":43,"column":43},"end":{"line":53,"column":3}}}},"branchMap":{},"s":{"0":3,"1":1,"2":1,"3":1,"4":1,"5":1,"6":3,"7":3,"8":3,"9":3},"f":{"0":1,"1":1,"2":1,"3":3},"b":{}}
,"/home/roberta/Área de Trabalho/projeto19-drivenpass/src/repositories/user-repository/index.ts": {"path":"/home/roberta/Área de Trabalho/projeto19-drivenpass/src/repositories/user-repository/index.ts","statementMap":{"0":{"start":{"line":1,"column":0},"end":{"line":1,"column":34}},"1":{"start":{"line":6,"column":16},"end":{"line":6,"column":61}},"2":{"start":{"line":8,"column":2},"end":{"line":8,"column":null}},"3":{"start":{"line":13,"column":2},"end":{"line":18,"column":5}},"4":{"start":{"line":21,"column":23},"end":{"line":24,"column":2}},"5":{"start":{"line":26,"column":0},"end":{"line":26,"column":30}}},"fnMap":{"0":{"name":"findByEmail","decl":{"start":{"line":4,"column":15},"end":{"line":4,"column":26}},"loc":{"start":{"line":4,"column":40},"end":{"line":9,"column":1}}},"1":{"name":"create","decl":{"start":{"line":11,"column":15},"end":{"line":11,"column":21}},"loc":{"start":{"line":11,"column":59},"end":{"line":19,"column":1}}}},"branchMap":{},"s":{"0":3,"1":5,"2":5,"3":1,"4":3,"5":3},"f":{"0":5,"1":1},"b":{}}
,"/home/roberta/Área de Trabalho/projeto19-drivenpass/src/routers/credentials-router.ts": {"path":"/home/roberta/Área de Trabalho/projeto19-drivenpass/src/routers/credentials-router.ts","statementMap":{"0":{"start":{"line":1,"column":0},"end":{"line":1,"column":33}},"1":{"start":{"line":2,"column":0},"end":{"line":2,"column":51}},"2":{"start":{"line":3,"column":0},"end":{"line":3,"column":64}},"3":{"start":{"line":4,"column":0},"end":{"line":4,"column":81}},"4":{"start":{"line":6,"column":26},"end":{"line":6,"column":34}},"5":{"start":{"line":14,"column":9},"end":{"line":14,"column":26}},"6":{"start":{"line":8,"column":0},"end":{"line":12,"column":36}}},"fnMap":{},"branchMap":{},"s":{"0":3,"1":3,"2":3,"3":3,"4":3,"5":3,"6":3},"f":{},"b":{}}
,"/home/roberta/Área de Trabalho/projeto19-drivenpass/src/routers/index.ts": {"path":"/home/roberta/Área de Trabalho/projeto19-drivenpass/src/routers/index.ts","statementMap":{"0":{"start":{"line":1,"column":0},"end":{"line":1,"column":30}},"1":{"start":{"line":2,"column":0},"end":{"line":2,"column":36}},"2":{"start":{"line":3,"column":0},"end":{"line":3,"column":33}}},"fnMap":{},"branchMap":{},"s":{"0":3,"1":3,"2":3},"f":{},"b":{}}
,"/home/roberta/Área de Trabalho/projeto19-drivenpass/src/routers/networks-router.ts": {"path":"/home/roberta/Área de Trabalho/projeto19-drivenpass/src/routers/networks-router.ts","statementMap":{"0":{"start":{"line":1,"column":0},"end":{"line":1,"column":33}},"1":{"start":{"line":2,"column":0},"end":{"line":2,"column":71}},"2":{"start":{"line":3,"column":0},"end":{"line":3,"column":64}},"3":{"start":{"line":4,"column":0},"end":{"line":4,"column":64}},"4":{"start":{"line":7,"column":23},"end":{"line":7,"column":31}},"5":{"start":{"line":15,"column":9},"end":{"line":15,"column":23}},"6":{"start":{"line":9,"column":0},"end":{"line":13,"column":29}}},"fnMap":{},"branchMap":{},"s":{"0":3,"1":3,"2":3,"3":3,"4":3,"5":3,"6":3},"f":{},"b":{}}
,"/home/roberta/Área de Trabalho/projeto19-drivenpass/src/routers/users-router.ts": {"path":"/home/roberta/Área de Trabalho/projeto19-drivenpass/src/routers/users-router.ts","statementMap":{"0":{"start":{"line":1,"column":0},"end":{"line":1,"column":33}},"1":{"start":{"line":3,"column":0},"end":{"line":3,"column":45}},"2":{"start":{"line":4,"column":0},"end":{"line":4,"column":45}},"3":{"start":{"line":5,"column":0},"end":{"line":5,"column":54}},"4":{"start":{"line":7,"column":20},"end":{"line":7,"column":28}},"5":{"start":{"line":12,"column":9},"end":{"line":12,"column":20}},"6":{"start":{"line":9,"column":0},"end":{"line":9,"column":72}},"7":{"start":{"line":10,"column":0},"end":{"line":10,"column":65}}},"fnMap":{},"branchMap":{},"s":{"0":3,"1":3,"2":3,"3":3,"4":3,"5":3,"6":3,"7":3},"f":{},"b":{}}
,"/home/roberta/Área de Trabalho/projeto19-drivenpass/src/schemas/credentials-schemas.ts": {"path":"/home/roberta/Área de Trabalho/projeto19-drivenpass/src/schemas/credentials-schemas.ts","statementMap":{"0":{"start":{"line":2,"column":0},"end":{"line":2,"column":22}},"1":{"start":{"line":4,"column":13},"end":{"line":9,"column":3}}},"fnMap":{},"branchMap":{},"s":{"0":3,"1":3},"f":{},"b":{}}
,"/home/roberta/Área de Trabalho/projeto19-drivenpass/src/schemas/index.ts": {"path":"/home/roberta/Área de Trabalho/projeto19-drivenpass/src/schemas/index.ts","statementMap":{"0":{"start":{"line":1,"column":0},"end":{"line":1,"column":31}},"1":{"start":{"line":2,"column":0},"end":{"line":2,"column":37}},"2":{"start":{"line":3,"column":0},"end":{"line":3,"column":33}}},"fnMap":{},"branchMap":{},"s":{"0":3,"1":3,"2":3},"f":{},"b":{}}
,"/home/roberta/Área de Trabalho/projeto19-drivenpass/src/schemas/network-schemas.ts": {"path":"/home/roberta/Área de Trabalho/projeto19-drivenpass/src/schemas/network-schemas.ts","statementMap":{"0":{"start":{"line":2,"column":0},"end":{"line":2,"column":22}},"1":{"start":{"line":4,"column":13},"end":{"line":8,"column":3}}},"fnMap":{},"branchMap":{},"s":{"0":3,"1":3},"f":{},"b":{}}
,"/home/roberta/Área de Trabalho/projeto19-drivenpass/src/schemas/users-schemas.ts": {"path":"/home/roberta/Área de Trabalho/projeto19-drivenpass/src/schemas/users-schemas.ts","statementMap":{"0":{"start":{"line":2,"column":0},"end":{"line":2,"column":22}},"1":{"start":{"line":4,"column":13},"end":{"line":7,"column":3}}},"fnMap":{},"branchMap":{},"s":{"0":3,"1":3},"f":{},"b":{}}
,"/home/roberta/Área de Trabalho/projeto19-drivenpass/src/services/credentials-service.ts": {"path":"/home/roberta/Área de Trabalho/projeto19-drivenpass/src/services/credentials-service.ts","statementMap":{"0":{"start":{"line":1,"column":0},"end":{"line":1,"column":41}},"1":{"start":{"line":2,"column":0},"end":{"line":2,"column":73}},"2":{"start":{"line":7,"column":0},"end":{"line":7,"column":42}},"3":{"start":{"line":12,"column":28},"end":{"line":12,"column":98}},"4":{"start":{"line":14,"column":4},"end":{"line":17,"column":null}},"5":{"start":{"line":16,"column":8},"end":{"line":16,"column":null}},"6":{"start":{"line":19,"column":27},"end":{"line":19,"column":56}},"7":{"start":{"line":21,"column":4},"end":{"line":21,"column":null}},"8":{"start":{"line":23,"column":4},"end":{"line":23,"column":10}},"9":{"start":{"line":10,"column":0},"end":{"line":10,"column":7}},"10":{"start":{"line":28,"column":29},"end":{"line":28,"column":84}},"11":{"start":{"line":30,"column":43},"end":{"line":30,"column":87}},"12":{"start":{"line":32,"column":4},"end":{"line":32,"column":null}},"13":{"start":{"line":26,"column":0},"end":{"line":26,"column":7}},"14":{"start":{"line":36,"column":26},"end":{"line":36,"column":75}},"15":{"start":{"line":38,"column":4},"end":{"line":40,"column":null}},"16":{"start":{"line":39,"column":8},"end":{"line":39,"column":null}},"17":{"start":{"line":41,"column":4},"end":{"line":45,"column":null}},"18":{"start":{"line":42,"column":8},"end":{"line":42,"column":null}},"19":{"start":{"line":43,"column":8},"end":{"line":43,"column":null}},"20":{"start":{"line":44,"column":8},"end":{"line":44,"column":null}},"21":{"start":{"line":47,"column":40},"end":{"line":47,"column":74}},"22":{"start":{"line":49,"column":4},"end":{"line":49,"column":null}},"23":{"start":{"line":34,"column":0},"end":{"line":34,"column":7}},"24":{"start":{"line":56,"column":19},"end":{"line":56,"column":36}},"25":{"start":{"line":57,"column":19},"end":{"line":57,"column":53}},"26":{"start":{"line":59,"column":4},"end":{"line":59,"column":null}},"27":{"start":{"line":64,"column":19},"end":{"line":64,"column":36}},"28":{"start":{"line":65,"column":19},"end":{"line":65,"column":53}},"29":{"start":{"line":67,"column":4},"end":{"line":69,"column":null}},"30":{"start":{"line":67,"column":15},"end":{"line":67,"column":16}},"31":{"start":{"line":68,"column":8},"end":{"line":68,"column":null}},"32":{"start":{"line":71,"column":4},"end":{"line":71,"column":null}},"33":{"start":{"line":77,"column":19},"end":{"line":77,"column":36}},"34":{"start":{"line":78,"column":19},"end":{"line":78,"column":53}},"35":{"start":{"line":79,"column":4},"end":{"line":79,"column":null}},"36":{"start":{"line":81,"column":4},"end":{"line":81,"column":null}},"37":{"start":{"line":86,"column":26},"end":{"line":90,"column":2}},"38":{"start":{"line":92,"column":0},"end":{"line":92,"column":25}},"39":{"start":{"line":93,"column":0},"end":{"line":93,"column":33}}},"fnMap":{"0":{"name":"createCredential","decl":{"start":{"line":10,"column":22},"end":{"line":10,"column":38}},"loc":{"start":{"line":10,"column":117},"end":{"line":24,"column":1}}},"1":{"name":"findCredential","decl":{"start":{"line":26,"column":22},"end":{"line":26,"column":36}},"loc":{"start":{"line":26,"column":51},"end":{"line":33,"column":1}}},"2":{"name":"findCredentialById","decl":{"start":{"line":34,"column":22},"end":{"line":34,"column":40}},"loc":{"start":{"line":34,"column":66},"end":{"line":51,"column":1}}},"3":{"name":"criptPassword","decl":{"start":{"line":54,"column":15},"end":{"line":54,"column":28}},"loc":{"start":{"line":54,"column":45},"end":{"line":61,"column":1}}},"4":{"name":"decryptHashPasswords","decl":{"start":{"line":62,"column":15},"end":{"line":62,"column":35}},"loc":{"start":{"line":62,"column":66},"end":{"line":73,"column":1}}},"5":{"name":"decryptHashPassword","decl":{"start":{"line":75,"column":15},"end":{"line":75,"column":34}},"loc":{"start":{"line":75,"column":62},"end":{"line":83,"column":1}}}},"branchMap":{"0":{"loc":{"start":{"line":14,"column":4},"end":{"line":17,"column":null}},"type":"if","locations":[{"start":{"line":14,"column":4},"end":{"line":17,"column":null}}]},"1":{"loc":{"start":{"line":38,"column":4},"end":{"line":40,"column":null}},"type":"if","locations":[{"start":{"line":38,"column":4},"end":{"line":40,"column":null}}]},"2":{"loc":{"start":{"line":41,"column":4},"end":{"line":45,"column":null}},"type":"if","locations":[{"start":{"line":41,"column":4},"end":{"line":45,"column":null}}]}},"s":{"0":3,"1":3,"2":3,"3":2,"4":2,"5":1,"6":1,"7":1,"8":1,"9":3,"10":0,"11":0,"12":0,"13":3,"14":3,"15":3,"16":1,"17":2,"18":1,"19":1,"20":1,"21":1,"22":1,"23":3,"24":1,"25":1,"26":1,"27":0,"28":0,"29":0,"30":0,"31":0,"32":0,"33":1,"34":1,"35":1,"36":1,"37":3,"38":3,"39":3},"f":{"0":2,"1":0,"2":3,"3":1,"4":0,"5":1},"b":{"0":[1],"1":[1],"2":[1]}}
,"/home/roberta/Área de Trabalho/projeto19-drivenpass/src/services/errors.ts": {"path":"/home/roberta/Área de Trabalho/projeto19-drivenpass/src/services/errors.ts","statementMap":{"0":{"start":{"line":4,"column":2},"end":{"line":7,"column":4}},"1":{"start":{"line":3,"column":0},"end":{"line":3,"column":16}},"2":{"start":{"line":11,"column":2},"end":{"line":14,"column":4}},"3":{"start":{"line":10,"column":0},"end":{"line":10,"column":16}},"4":{"start":{"line":18,"column":2},"end":{"line":21,"column":4}},"5":{"start":{"line":17,"column":0},"end":{"line":17,"column":16}},"6":{"start":{"line":25,"column":2},"end":{"line":28,"column":4}},"7":{"start":{"line":24,"column":0},"end":{"line":24,"column":16}}},"fnMap":{"0":{"name":"duplicatedEmailError","decl":{"start":{"line":3,"column":16},"end":{"line":3,"column":36}},"loc":{"start":{"line":3,"column":36},"end":{"line":8,"column":1}}},"1":{"name":"invalidCredentialsError","decl":{"start":{"line":10,"column":16},"end":{"line":10,"column":39}},"loc":{"start":{"line":10,"column":39},"end":{"line":15,"column":1}}},"2":{"name":"conflictError","decl":{"start":{"line":17,"column":16},"end":{"line":17,"column":29}},"loc":{"start":{"line":17,"column":29},"end":{"line":22,"column":1}}},"3":{"name":"invalidIdError","decl":{"start":{"line":24,"column":16},"end":{"line":24,"column":30}},"loc":{"start":{"line":24,"column":30},"end":{"line":29,"column":1}}}},"branchMap":{},"s":{"0":1,"1":3,"2":2,"3":3,"4":1,"5":3,"6":4,"7":3},"f":{"0":1,"1":2,"2":1,"3":4},"b":{}}
,"/home/roberta/Área de Trabalho/projeto19-drivenpass/src/services/index.ts": {"path":"/home/roberta/Área de Trabalho/projeto19-drivenpass/src/services/index.ts","statementMap":{"0":{"start":{"line":1,"column":0},"end":{"line":1,"column":31}},"1":{"start":{"line":2,"column":0},"end":{"line":2,"column":24}},"2":{"start":{"line":3,"column":0},"end":{"line":3,"column":37}},"3":{"start":{"line":4,"column":0},"end":{"line":4,"column":34}}},"fnMap":{},"branchMap":{},"s":{"0":1,"1":1,"2":1,"3":1},"f":{},"b":{}}
,"/home/roberta/Área de Trabalho/projeto19-drivenpass/src/services/networks-service.ts": {"path":"/home/roberta/Área de Trabalho/projeto19-drivenpass/src/services/networks-service.ts","statementMap":{"0":{"start":{"line":1,"column":0},"end":{"line":1,"column":41}},"1":{"start":{"line":2,"column":0},"end":{"line":2,"column":66}},"2":{"start":{"line":6,"column":0},"end":{"line":6,"column":42}},"3":{"start":{"line":11,"column":28},"end":{"line":11,"column":92}},"4":{"start":{"line":12,"column":0},"end":{"line":12,"column":null}},"5":{"start":{"line":13,"column":4},"end":{"line":15,"column":null}},"6":{"start":{"line":14,"column":8},"end":{"line":14,"column":null}},"7":{"start":{"line":17,"column":27},"end":{"line":17,"column":56}},"8":{"start":{"line":19,"column":4},"end":{"line":19,"column":null}},"9":{"start":{"line":20,"column":0},"end":{"line":20,"column":null}},"10":{"start":{"line":21,"column":4},"end":{"line":21,"column":10}},"11":{"start":{"line":9,"column":0},"end":{"line":9,"column":7}},"12":{"start":{"line":25,"column":19},"end":{"line":25,"column":36}},"13":{"start":{"line":26,"column":19},"end":{"line":26,"column":53}},"14":{"start":{"line":28,"column":4},"end":{"line":28,"column":null}},"15":{"start":{"line":33,"column":26},"end":{"line":33,"column":75}},"16":{"start":{"line":35,"column":43},"end":{"line":35,"column":84}},"17":{"start":{"line":37,"column":4},"end":{"line":37,"column":null}},"18":{"start":{"line":31,"column":0},"end":{"line":31,"column":7}},"19":{"start":{"line":42,"column":22},"end":{"line":42,"column":65}},"20":{"start":{"line":44,"column":4},"end":{"line":46,"column":null}},"21":{"start":{"line":45,"column":8},"end":{"line":45,"column":null}},"22":{"start":{"line":47,"column":4},"end":{"line":51,"column":null}},"23":{"start":{"line":48,"column":8},"end":{"line":48,"column":null}},"24":{"start":{"line":49,"column":8},"end":{"line":49,"column":null}},"25":{"start":{"line":50,"column":8},"end":{"line":50,"column":null}},"26":{"start":{"line":53,"column":40},"end":{"line":53,"column":70}},"27":{"start":{"line":55,"column":4},"end":{"line":55,"column":null}},"28":{"start":{"line":40,"column":0},"end":{"line":40,"column":7}},"29":{"start":{"line":61,"column":19},"end":{"line":61,"column":36}},"30":{"start":{"line":62,"column":19},"end":{"line":62,"column":53}},"31":{"start":{"line":64,"column":4},"end":{"line":66,"column":null}},"32":{"start":{"line":64,"column":15},"end":{"line":64,"column":16}},"33":{"start":{"line":65,"column":8},"end":{"line":65,"column":null}},"34":{"start":{"line":68,"column":4},"end":{"line":68,"column":null}},"35":{"start":{"line":73,"column":19},"end":{"line":73,"column":36}},"36":{"start":{"line":74,"column":19},"end":{"line":74,"column":53}},"37":{"start":{"line":75,"column":4},"end":{"line":75,"column":null}},"38":{"start":{"line":77,"column":4},"end":{"line":77,"column":null}},"39":{"start":{"line":83,"column":23},"end":{"line":88,"column":2}},"40":{"start":{"line":90,"column":0},"end":{"line":90,"column":25}},"41":{"start":{"line":91,"column":0},"end":{"line":91,"column":30}}},"fnMap":{"0":{"name":"createNetwork","decl":{"start":{"line":9,"column":22},"end":{"line":9,"column":35}},"loc":{"start":{"line":9,"column":100},"end":{"line":22,"column":1}}},"1":{"name":"criptPassword","decl":{"start":{"line":23,"column":15},"end":{"line":23,"column":28}},"loc":{"start":{"line":23,"column":45},"end":{"line":30,"column":1}}},"2":{"name":"findNetwork","decl":{"start":{"line":31,"column":22},"end":{"line":31,"column":33}},"loc":{"start":{"line":31,"column":48},"end":{"line":38,"column":1}}},"3":{"name":"findNetworkById","decl":{"start":{"line":40,"column":22},"end":{"line":40,"column":37}},"loc":{"start":{"line":40,"column":63},"end":{"line":57,"column":1}}},"4":{"name":"decryptHashPasswords","decl":{"start":{"line":59,"column":15},"end":{"line":59,"column":35}},"loc":{"start":{"line":59,"column":60},"end":{"line":70,"column":1}}},"5":{"name":"decryptHashPassword","decl":{"start":{"line":71,"column":15},"end":{"line":71,"column":34}},"loc":{"start":{"line":71,"column":56},"end":{"line":79,"column":1}}}},"branchMap":{"0":{"loc":{"start":{"line":13,"column":4},"end":{"line":15,"column":null}},"type":"if","locations":[{"start":{"line":13,"column":4},"end":{"line":15,"column":null}}]},"1":{"loc":{"start":{"line":44,"column":4},"end":{"line":46,"column":null}},"type":"if","locations":[{"start":{"line":44,"column":4},"end":{"line":46,"column":null}}]},"2":{"loc":{"start":{"line":47,"column":4},"end":{"line":51,"column":null}},"type":"if","locations":[{"start":{"line":47,"column":4},"end":{"line":51,"column":null}}]}},"s":{"0":3,"1":3,"2":3,"3":1,"4":1,"5":1,"6":0,"7":1,"8":1,"9":0,"10":0,"11":3,"12":1,"13":1,"14":1,"15":1,"16":1,"17":1,"18":3,"19":3,"20":3,"21":1,"22":2,"23":1,"24":1,"25":1,"26":1,"27":1,"28":3,"29":1,"30":1,"31":1,"32":1,"33":0,"34":1,"35":1,"36":1,"37":1,"38":1,"39":3,"40":3,"41":3},"f":{"0":1,"1":1,"2":1,"3":3,"4":1,"5":1},"b":{"0":[0],"1":[1],"2":[1]}}
,"/home/roberta/Área de Trabalho/projeto19-drivenpass/src/services/users-service.ts": {"path":"/home/roberta/Área de Trabalho/projeto19-drivenpass/src/services/users-service.ts","statementMap":{"0":{"start":{"line":1,"column":0},"end":{"line":1,"column":60}},"1":{"start":{"line":3,"column":0},"end":{"line":3,"column":28}},"2":{"start":{"line":4,"column":0},"end":{"line":4,"column":36}},"3":{"start":{"line":6,"column":0},"end":{"line":6,"column":73}},"4":{"start":{"line":10,"column":2},"end":{"line":10,"column":41}},"5":{"start":{"line":12,"column":25},"end":{"line":12,"column":56}},"6":{"start":{"line":14,"column":2},"end":{"line":17,"column":5}},"7":{"start":{"line":19,"column":2},"end":{"line":19,"column":8}},"8":{"start":{"line":8,"column":0},"end":{"line":8,"column":7}},"9":{"start":{"line":23,"column":28},"end":{"line":23,"column":67}},"10":{"start":{"line":24,"column":2},"end":{"line":26,"column":null}},"11":{"start":{"line":25,"column":4},"end":{"line":25,"column":33}},"12":{"start":{"line":31,"column":15},"end":{"line":31,"column":43}},"13":{"start":{"line":33,"column":2},"end":{"line":33,"column":null}},"14":{"start":{"line":35,"column":24},"end":{"line":35,"column":57}},"15":{"start":{"line":37,"column":2},"end":{"line":37,"column":null}},"16":{"start":{"line":29,"column":0},"end":{"line":29,"column":7}},"17":{"start":{"line":42,"column":26},"end":{"line":42,"column":70}},"18":{"start":{"line":43,"column":2},"end":{"line":43,"column":null}},"19":{"start":{"line":44,"column":2},"end":{"line":46,"column":null}},"20":{"start":{"line":45,"column":4},"end":{"line":45,"column":36}},"21":{"start":{"line":50,"column":22},"end":{"line":50,"column":61}},"22":{"start":{"line":51,"column":2},"end":{"line":51,"column":null}},"23":{"start":{"line":52,"column":2},"end":{"line":54,"column":null}},"24":{"start":{"line":53,"column":4},"end":{"line":53,"column":36}},"25":{"start":{"line":55,"column":2},"end":{"line":55,"column":null}},"26":{"start":{"line":61,"column":16},"end":{"line":61,"column":60}},"27":{"start":{"line":63,"column":2},"end":{"line":63,"column":null}},"28":{"start":{"line":69,"column":20},"end":{"line":72,"column":2}},"29":{"start":{"line":74,"column":0},"end":{"line":74,"column":25}},"30":{"start":{"line":75,"column":0},"end":{"line":75,"column":27}}},"fnMap":{"0":{"name":"createUser","decl":{"start":{"line":8,"column":22},"end":{"line":8,"column":32}},"loc":{"start":{"line":8,"column":70},"end":{"line":20,"column":1}}},"1":{"name":"validateUniqueEmailOrFail","decl":{"start":{"line":22,"column":15},"end":{"line":22,"column":40}},"loc":{"start":{"line":22,"column":54},"end":{"line":27,"column":1}}},"2":{"name":"logUserIn","decl":{"start":{"line":29,"column":22},"end":{"line":29,"column":31}},"loc":{"start":{"line":29,"column":63},"end":{"line":38,"column":1}}},"3":{"name":"validatePasswordOrFail","decl":{"start":{"line":40,"column":15},"end":{"line":40,"column":37}},"loc":{"start":{"line":40,"column":76},"end":{"line":47,"column":1}}},"4":{"name":"findUserByEmail","decl":{"start":{"line":49,"column":15},"end":{"line":49,"column":30}},"loc":{"start":{"line":49,"column":44},"end":{"line":56,"column":1}}},"5":{"name":"generateToken","decl":{"start":{"line":59,"column":9},"end":{"line":59,"column":22}},"loc":{"start":{"line":59,"column":37},"end":{"line":64,"column":1}}}},"branchMap":{"0":{"loc":{"start":{"line":24,"column":2},"end":{"line":26,"column":null}},"type":"if","locations":[{"start":{"line":24,"column":2},"end":{"line":26,"column":null}}]},"1":{"loc":{"start":{"line":44,"column":2},"end":{"line":46,"column":null}},"type":"if","locations":[{"start":{"line":44,"column":2},"end":{"line":46,"column":null}}]},"2":{"loc":{"start":{"line":52,"column":2},"end":{"line":54,"column":null}},"type":"if","locations":[{"start":{"line":52,"column":2},"end":{"line":54,"column":null}}]}},"s":{"0":3,"1":3,"2":3,"3":3,"4":2,"5":1,"6":1,"7":1,"8":3,"9":2,"10":2,"11":1,"12":3,"13":2,"14":1,"15":1,"16":3,"17":2,"18":2,"19":2,"20":1,"21":3,"22":3,"23":3,"24":1,"25":2,"26":1,"27":1,"28":3,"29":3,"30":3},"f":{"0":2,"1":2,"2":3,"3":2,"4":3,"5":1},"b":{"0":[1],"1":[1],"2":[1]}}
,"/home/roberta/Área de Trabalho/projeto19-drivenpass/tests/helpers.ts": {"path":"/home/roberta/Área de Trabalho/projeto19-drivenpass/tests/helpers.ts","statementMap":{"0":{"start":{"line":1,"column":0},"end":{"line":1,"column":36}},"1":{"start":{"line":3,"column":0},"end":{"line":3,"column":41}},"2":{"start":{"line":4,"column":0},"end":{"line":4,"column":34}},"3":{"start":{"line":7,"column":2},"end":{"line":7,"column":38}},"4":{"start":{"line":8,"column":2},"end":{"line":8,"column":41}},"5":{"start":{"line":9,"column":2},"end":{"line":9,"column":35}},"6":{"start":{"line":6,"column":0},"end":{"line":6,"column":7}},"7":{"start":{"line":13,"column":23},"end":{"line":13,"column":51}},"8":{"start":{"line":14,"column":16},"end":{"line":14,"column":77}},"9":{"start":{"line":16,"column":2},"end":{"line":16,"column":15}},"10":{"start":{"line":12,"column":0},"end":{"line":12,"column":7}}},"fnMap":{"0":{"name":"cleanDb","decl":{"start":{"line":6,"column":22},"end":{"line":6,"column":29}},"loc":{"start":{"line":6,"column":29},"end":{"line":10,"column":1}}},"1":{"name":"generateValidToken","decl":{"start":{"line":12,"column":22},"end":{"line":12,"column":40}},"loc":{"start":{"line":12,"column":52},"end":{"line":17,"column":1}}}},"branchMap":{"0":{"loc":{"start":{"line":13,"column":23},"end":{"line":13,"column":51}},"type":"binary-expr","locations":[{"start":{"line":13,"column":23},"end":{"line":13,"column":27}},{"start":{"line":13,"column":32},"end":{"line":13,"column":50}}]}},"s":{"0":3,"1":3,"2":3,"3":61,"4":61,"5":61,"6":3,"7":0,"8":0,"9":0,"10":3},"f":{"0":61,"1":0},"b":{"0":[0,0]}}
,"/home/roberta/Área de Trabalho/projeto19-drivenpass/tests/factories/credential-factory.ts": {"path":"/home/roberta/Área de Trabalho/projeto19-drivenpass/tests/factories/credential-factory.ts","statementMap":{"0":{"start":{"line":2,"column":0},"end":{"line":2,"column":40}},"1":{"start":{"line":4,"column":0},"end":{"line":4,"column":34}},"2":{"start":{"line":8,"column":29},"end":{"line":8,"column":77}},"3":{"start":{"line":9,"column":19},"end":{"line":9,"column":36}},"4":{"start":{"line":10,"column":19},"end":{"line":10,"column":53}},"5":{"start":{"line":11,"column":27},"end":{"line":11,"column":59}},"6":{"start":{"line":12,"column":4},"end":{"line":21,"column":null}},"7":{"start":{"line":6,"column":0},"end":{"line":6,"column":7}},"8":{"start":{"line":33,"column":0},"end":{"line":33,"column":null}},"9":{"start":{"line":36,"column":4},"end":{"line":36,"column":null}},"10":{"start":{"line":35,"column":0},"end":{"line":35,"column":7}}},"fnMap":{"0":{"name":"createCredential","decl":{"start":{"line":6,"column":22},"end":{"line":6,"column":38}},"loc":{"start":{"line":6,"column":71},"end":{"line":23,"column":1}}},"1":{"name":"findCredentials","decl":{"start":{"line":35,"column":22},"end":{"line":35,"column":37}},"loc":{"start":{"line":35,"column":52},"end":{"line":37,"column":1}}}},"branchMap":{"0":{"loc":{"start":{"line":6,"column":39},"end":{"line":6,"column":71}},"type":"default-arg","locations":[{"start":{"line":6,"column":69},"end":{"line":6,"column":71}}]},"1":{"loc":{"start":{"line":8,"column":29},"end":{"line":8,"column":77}},"type":"binary-expr","locations":[{"start":{"line":8,"column":29},"end":{"line":8,"column":44}},{"start":{"line":8,"column":48},"end":{"line":8,"column":77}}]},"2":{"loc":{"start":{"line":14,"column":19},"end":{"line":14,"column":57}},"type":"binary-expr","locations":[{"start":{"line":14,"column":19},"end":{"line":14,"column":31}},{"start":{"line":14,"column":35},"end":{"line":14,"column":57}}]},"3":{"loc":{"start":{"line":15,"column":17},"end":{"line":15,"column":51}},"type":"binary-expr","locations":[{"start":{"line":15,"column":17},"end":{"line":15,"column":27}},{"start":{"line":15,"column":31},"end":{"line":15,"column":51}}]},"4":{"loc":{"start":{"line":16,"column":22},"end":{"line":16,"column":62}},"type":"binary-expr","locations":[{"start":{"line":16,"column":22},"end":{"line":16,"column":37}},{"start":{"line":16,"column":41},"end":{"line":16,"column":62}}]},"5":{"loc":{"start":{"line":18,"column":20},"end":{"line":18,"column":60}},"type":"binary-expr","locations":[{"start":{"line":18,"column":20},"end":{"line":18,"column":33}},{"start":{"line":18,"column":37},"end":{"line":18,"column":60}}]}},"s":{"0":3,"1":3,"2":5,"3":5,"4":5,"5":5,"6":5,"7":3,"8":3,"9":1,"10":3},"f":{"0":5,"1":1},"b":{"0":[0],"1":[5,0],"2":[5,0],"3":[5,0],"4":[5,0],"5":[5,0]}}
,"/home/roberta/Área de Trabalho/projeto19-drivenpass/tests/factories/index.ts": {"path":"/home/roberta/Área de Trabalho/projeto19-drivenpass/tests/factories/index.ts","statementMap":{"0":{"start":{"line":1,"column":0},"end":{"line":1,"column":32}},"1":{"start":{"line":2,"column":0},"end":{"line":2,"column":36}},"2":{"start":{"line":3,"column":0},"end":{"line":3,"column":33}}},"fnMap":{},"branchMap":{},"s":{"0":3,"1":3,"2":3},"f":{},"b":{}}
,"/home/roberta/Área de Trabalho/projeto19-drivenpass/tests/factories/network-factory.ts": {"path":"/home/roberta/Área de Trabalho/projeto19-drivenpass/tests/factories/network-factory.ts","statementMap":{"0":{"start":{"line":4,"column":0},"end":{"line":4,"column":34}},"1":{"start":{"line":8,"column":29},"end":{"line":8,"column":44}},"2":{"start":{"line":9,"column":19},"end":{"line":9,"column":36}},"3":{"start":{"line":10,"column":19},"end":{"line":10,"column":53}},"4":{"start":{"line":11,"column":27},"end":{"line":11,"column":59}},"5":{"start":{"line":12,"column":4},"end":{"line":20,"column":null}},"6":{"start":{"line":6,"column":0},"end":{"line":6,"column":7}},"7":{"start":{"line":34,"column":4},"end":{"line":34,"column":null}},"8":{"start":{"line":33,"column":0},"end":{"line":33,"column":7}}},"fnMap":{"0":{"name":"createNetwork","decl":{"start":{"line":6,"column":22},"end":{"line":6,"column":35}},"loc":{"start":{"line":6,"column":65},"end":{"line":31,"column":1}}},"1":{"name":"findNetworks","decl":{"start":{"line":33,"column":22},"end":{"line":33,"column":34}},"loc":{"start":{"line":33,"column":49},"end":{"line":35,"column":1}}}},"branchMap":{"0":{"loc":{"start":{"line":6,"column":36},"end":{"line":6,"column":65}},"type":"default-arg","locations":[{"start":{"line":6,"column":63},"end":{"line":6,"column":65}}]}},"s":{"0":3,"1":5,"2":5,"3":5,"4":5,"5":5,"6":3,"7":0,"8":3},"f":{"0":5,"1":0},"b":{"0":[0]}}
,"/home/roberta/Área de Trabalho/projeto19-drivenpass/tests/factories/user-factories.ts": {"path":"/home/roberta/Área de Trabalho/projeto19-drivenpass/tests/factories/user-factories.ts","statementMap":{"0":{"start":{"line":1,"column":0},"end":{"line":1,"column":28}},"1":{"start":{"line":2,"column":0},"end":{"line":2,"column":38}},"2":{"start":{"line":4,"column":0},"end":{"line":4,"column":34}},"3":{"start":{"line":8,"column":29},"end":{"line":8,"column":77}},"4":{"start":{"line":9,"column":27},"end":{"line":9,"column":66}},"5":{"start":{"line":10,"column":4},"end":{"line":15,"column":7}},"6":{"start":{"line":6,"column":0},"end":{"line":6,"column":8}},"7":{"start":{"line":19,"column":6},"end":{"line":19,"column":null}},"8":{"start":{"line":18,"column":2},"end":{"line":18,"column":10}}},"fnMap":{"0":{"name":"createUser","decl":{"start":{"line":6,"column":23},"end":{"line":6,"column":33}},"loc":{"start":{"line":6,"column":60},"end":{"line":16,"column":3}}},"1":{"name":"findUsers","decl":{"start":{"line":18,"column":25},"end":{"line":18,"column":34}},"loc":{"start":{"line":18,"column":47},"end":{"line":20,"column":3}}}},"branchMap":{"0":{"loc":{"start":{"line":6,"column":34},"end":{"line":6,"column":60}},"type":"default-arg","locations":[{"start":{"line":6,"column":58},"end":{"line":6,"column":60}}]},"1":{"loc":{"start":{"line":8,"column":29},"end":{"line":8,"column":77}},"type":"binary-expr","locations":[{"start":{"line":8,"column":29},"end":{"line":8,"column":44}},{"start":{"line":8,"column":48},"end":{"line":8,"column":77}}]},"2":{"loc":{"start":{"line":12,"column":15},"end":{"line":12,"column":53}},"type":"binary-expr","locations":[{"start":{"line":12,"column":15},"end":{"line":12,"column":27}},{"start":{"line":12,"column":31},"end":{"line":12,"column":53}}]}},"s":{"0":3,"1":3,"2":3,"3":24,"4":24,"5":24,"6":3,"7":1,"8":3},"f":{"0":24,"1":1},"b":{"0":[20],"1":[24,20],"2":[24,20]}}
}
