{"/home/roberta/Área de Trabalho/projeto19-drivenpass/src/app.ts": {"path":"/home/roberta/Área de Trabalho/projeto19-drivenpass/src/app.ts","statementMap":{"0":{"start":{"line":1,"column":0},"end":{"line":1,"column":26}},"1":{"start":{"line":2,"column":0},"end":{"line":2,"column":30}},"2":{"start":{"line":3,"column":0},"end":{"line":3,"column":43}},"3":{"start":{"line":4,"column":0},"end":{"line":4,"column":24}},"4":{"start":{"line":5,"column":0},"end":{"line":5,"column":60}},"5":{"start":{"line":7,"column":0},"end":{"line":7,"column":10}},"6":{"start":{"line":9,"column":0},"end":{"line":9,"column":74}},"7":{"start":{"line":12,"column":12},"end":{"line":12,"column":21}},"8":{"start":{"line":13,"column":0},"end":{"line":18,"column":null}},"9":{"start":{"line":21,"column":2},"end":{"line":21,"column":14}},"10":{"start":{"line":22,"column":2},"end":{"line":22,"column":30}},"11":{"start":{"line":20,"column":0},"end":{"line":20,"column":16}},"12":{"start":{"line":26,"column":2},"end":{"line":26,"column":23}},"13":{"start":{"line":25,"column":0},"end":{"line":25,"column":7}},"14":{"start":{"line":29,"column":0},"end":{"line":29,"column":19}}},"fnMap":{"0":{"name":"init","decl":{"start":{"line":20,"column":16},"end":{"line":20,"column":20}},"loc":{"start":{"line":20,"column":20},"end":{"line":23,"column":1}}},"1":{"name":"close","decl":{"start":{"line":25,"column":22},"end":{"line":25,"column":27}},"loc":{"start":{"line":25,"column":27},"end":{"line":27,"column":1}}}},"branchMap":{},"s":{"0":2,"1":2,"2":2,"3":2,"4":2,"5":2,"6":2,"7":2,"8":2,"9":2,"10":2,"11":2,"12":0,"13":2,"14":2},"f":{"0":2,"1":0},"b":{}}
,"/home/roberta/Área de Trabalho/projeto19-drivenpass/src/config/database.ts": {"path":"/home/roberta/Área de Trabalho/projeto19-drivenpass/src/config/database.ts","statementMap":{"0":{"start":{"line":1,"column":0},"end":{"line":1,"column":46}},"1":{"start":{"line":5,"column":2},"end":{"line":5,"column":30}},"2":{"start":{"line":4,"column":0},"end":{"line":4,"column":16}},"3":{"start":{"line":9,"column":2},"end":{"line":9,"column":30}},"4":{"start":{"line":8,"column":0},"end":{"line":8,"column":7}}},"fnMap":{"0":{"name":"connectDb","decl":{"start":{"line":4,"column":16},"end":{"line":4,"column":25}},"loc":{"start":{"line":4,"column":25},"end":{"line":6,"column":1}}},"1":{"name":"disconnectDB","decl":{"start":{"line":8,"column":22},"end":{"line":8,"column":34}},"loc":{"start":{"line":8,"column":34},"end":{"line":10,"column":1}}}},"branchMap":{},"s":{"0":2,"1":2,"2":2,"3":0,"4":2},"f":{"0":2,"1":0},"b":{}}
,"/home/roberta/Área de Trabalho/projeto19-drivenpass/src/config/envs.ts": {"path":"/home/roberta/Área de Trabalho/projeto19-drivenpass/src/config/envs.ts","statementMap":{"0":{"start":{"line":1,"column":0},"end":{"line":1,"column":28}},"1":{"start":{"line":2,"column":0},"end":{"line":2,"column":41}},"2":{"start":{"line":6,"column":4},"end":{"line":10,"column":16}},"3":{"start":{"line":12,"column":22},"end":{"line":12,"column":45}},"4":{"start":{"line":13,"column":2},"end":{"line":13,"column":35}},"5":{"start":{"line":4,"column":0},"end":{"line":4,"column":16}}},"fnMap":{"0":{"name":"loadEnv","decl":{"start":{"line":4,"column":16},"end":{"line":4,"column":23}},"loc":{"start":{"line":4,"column":23},"end":{"line":14,"column":1}}}},"branchMap":{"0":{"loc":{"start":{"line":6,"column":4},"end":{"line":10,"column":16}},"type":"cond-expr","locations":[{"start":{"line":7,"column":8},"end":{"line":7,"column":19}},{"start":{"line":8,"column":8},"end":{"line":10,"column":16}}]},"1":{"loc":{"start":{"line":8,"column":8},"end":{"line":10,"column":16}},"type":"cond-expr","locations":[{"start":{"line":9,"column":10},"end":{"line":9,"column":28}},{"start":{"line":10,"column":10},"end":{"line":10,"column":16}}]}},"s":{"0":2,"1":2,"2":4,"3":4,"4":4,"5":2},"f":{"0":4},"b":{"0":[4,0],"1":[0,0]}}
,"/home/roberta/Área de Trabalho/projeto19-drivenpass/src/config/index.ts": {"path":"/home/roberta/Área de Trabalho/projeto19-drivenpass/src/config/index.ts","statementMap":{"0":{"start":{"line":1,"column":0},"end":{"line":1,"column":23}},"1":{"start":{"line":2,"column":0},"end":{"line":2,"column":27}}},"fnMap":{},"branchMap":{},"s":{"0":2,"1":2},"f":{},"b":{}}
,"/home/roberta/Área de Trabalho/projeto19-drivenpass/src/controllers/credentials-controller.ts": {"path":"/home/roberta/Área de Trabalho/projeto19-drivenpass/src/controllers/credentials-controller.ts","statementMap":{"0":{"start":{"line":1,"column":0},"end":{"line":1,"column":63}},"1":{"start":{"line":3,"column":0},"end":{"line":3,"column":37}},"2":{"start":{"line":7,"column":44},"end":{"line":7,"column":52}},"3":{"start":{"line":9,"column":17},"end":{"line":9,"column":27}},"4":{"start":{"line":11,"column":2},"end":{"line":18,"column":null}},"5":{"start":{"line":13,"column":23},"end":{"line":13,"column":104}},"6":{"start":{"line":15,"column":4},"end":{"line":15,"column":46}},"7":{"start":{"line":17,"column":6},"end":{"line":17,"column":57}},"8":{"start":{"line":6,"column":0},"end":{"line":6,"column":7}},"9":{"start":{"line":23,"column":17},"end":{"line":23,"column":27}},"10":{"start":{"line":25,"column":2},"end":{"line":31,"column":null}},"11":{"start":{"line":27,"column":28},"end":{"line":27,"column":74}},"12":{"start":{"line":28,"column":4},"end":{"line":28,"column":null}},"13":{"start":{"line":30,"column":4},"end":{"line":30,"column":58}},"14":{"start":{"line":21,"column":0},"end":{"line":21,"column":7}},"15":{"start":{"line":37,"column":17},"end":{"line":37,"column":27}},"16":{"start":{"line":39,"column":13},"end":{"line":39,"column":34}},"17":{"start":{"line":41,"column":2},"end":{"line":46,"column":null}},"18":{"start":{"line":42,"column":27},"end":{"line":42,"column":81}},"19":{"start":{"line":43,"column":4},"end":{"line":43,"column":58}},"20":{"start":{"line":45,"column":6},"end":{"line":45,"column":61}},"21":{"start":{"line":35,"column":0},"end":{"line":35,"column":7}}},"fnMap":{"0":{"name":"credentialPost","decl":{"start":{"line":6,"column":22},"end":{"line":6,"column":36}},"loc":{"start":{"line":6,"column":77},"end":{"line":19,"column":1}}},"1":{"name":"credentialGet","decl":{"start":{"line":21,"column":22},"end":{"line":21,"column":35}},"loc":{"start":{"line":21,"column":76},"end":{"line":32,"column":1}}},"2":{"name":"credentialGetById","decl":{"start":{"line":35,"column":22},"end":{"line":35,"column":39}},"loc":{"start":{"line":35,"column":80},"end":{"line":47,"column":3}}}},"branchMap":{},"s":{"0":2,"1":2,"2":2,"3":2,"4":2,"5":2,"6":1,"7":1,"8":2,"9":0,"10":0,"11":0,"12":0,"13":0,"14":2,"15":3,"16":3,"17":3,"18":3,"19":1,"20":2,"21":2},"f":{"0":2,"1":0,"2":3},"b":{}}
,"/home/roberta/Área de Trabalho/projeto19-drivenpass/src/controllers/index.ts": {"path":"/home/roberta/Área de Trabalho/projeto19-drivenpass/src/controllers/index.ts","statementMap":{"0":{"start":{"line":1,"column":0},"end":{"line":1,"column":34}},"1":{"start":{"line":2,"column":0},"end":{"line":2,"column":40}}},"fnMap":{},"branchMap":{},"s":{"0":2,"1":2},"f":{},"b":{}}
,"/home/roberta/Área de Trabalho/projeto19-drivenpass/src/controllers/users-controller.ts": {"path":"/home/roberta/Área de Trabalho/projeto19-drivenpass/src/controllers/users-controller.ts","statementMap":{"0":{"start":{"line":1,"column":0},"end":{"line":1,"column":51}},"1":{"start":{"line":3,"column":0},"end":{"line":3,"column":37}},"2":{"start":{"line":6,"column":30},"end":{"line":6,"column":38}},"3":{"start":{"line":7,"column":2},"end":{"line":12,"column":null}},"4":{"start":{"line":8,"column":4},"end":{"line":8,"column":54}},"5":{"start":{"line":9,"column":4},"end":{"line":9,"column":46}},"6":{"start":{"line":11,"column":4},"end":{"line":11,"column":55}},"7":{"start":{"line":5,"column":0},"end":{"line":5,"column":7}},"8":{"start":{"line":17,"column":30},"end":{"line":17,"column":38}},"9":{"start":{"line":18,"column":2},"end":{"line":27,"column":null}},"10":{"start":{"line":19,"column":19},"end":{"line":19,"column":63}},"11":{"start":{"line":21,"column":4},"end":{"line":21,"column":null}},"12":{"start":{"line":23,"column":4},"end":{"line":25,"column":null}},"13":{"start":{"line":24,"column":6},"end":{"line":24,"column":61}},"14":{"start":{"line":26,"column":4},"end":{"line":26,"column":58}},"15":{"start":{"line":15,"column":0},"end":{"line":15,"column":7}}},"fnMap":{"0":{"name":"userCreate","decl":{"start":{"line":5,"column":22},"end":{"line":5,"column":32}},"loc":{"start":{"line":5,"column":60},"end":{"line":13,"column":1}}},"1":{"name":"userLogIn","decl":{"start":{"line":15,"column":22},"end":{"line":15,"column":31}},"loc":{"start":{"line":15,"column":59},"end":{"line":28,"column":1}}}},"branchMap":{"0":{"loc":{"start":{"line":23,"column":4},"end":{"line":25,"column":null}},"type":"if","locations":[{"start":{"line":23,"column":4},"end":{"line":25,"column":null}}]}},"s":{"0":2,"1":2,"2":2,"3":2,"4":2,"5":1,"6":1,"7":2,"8":3,"9":3,"10":3,"11":1,"12":2,"13":2,"14":0,"15":2},"f":{"0":2,"1":3},"b":{"0":[2]}}
,"/home/roberta/Área de Trabalho/projeto19-drivenpass/src/errors/index.ts": {"path":"/home/roberta/Área de Trabalho/projeto19-drivenpass/src/errors/index.ts","statementMap":{"0":{"start":{"line":1,"column":0},"end":{"line":1,"column":37}},"1":{"start":{"line":2,"column":0},"end":{"line":2,"column":36}}},"fnMap":{},"branchMap":{},"s":{"0":2,"1":2},"f":{},"b":{}}
,"/home/roberta/Área de Trabalho/projeto19-drivenpass/src/errors/invalid-data-error.ts": {"path":"/home/roberta/Área de Trabalho/projeto19-drivenpass/src/errors/invalid-data-error.ts","statementMap":{"0":{"start":{"line":4,"column":2},"end":{"line":8,"column":4}},"1":{"start":{"line":3,"column":0},"end":{"line":3,"column":16}}},"fnMap":{"0":{"name":"invalidDataError","decl":{"start":{"line":3,"column":16},"end":{"line":3,"column":32}},"loc":{"start":{"line":3,"column":50},"end":{"line":9,"column":1}}}},"branchMap":{},"s":{"0":5,"1":2},"f":{"0":5},"b":{}}
,"/home/roberta/Área de Trabalho/projeto19-drivenpass/src/errors/unauthorized-error.ts": {"path":"/home/roberta/Área de Trabalho/projeto19-drivenpass/src/errors/unauthorized-error.ts","statementMap":{"0":{"start":{"line":4,"column":2},"end":{"line":7,"column":4}},"1":{"start":{"line":3,"column":0},"end":{"line":3,"column":16}}},"fnMap":{"0":{"name":"unauthorizedError","decl":{"start":{"line":3,"column":16},"end":{"line":3,"column":33}},"loc":{"start":{"line":3,"column":33},"end":{"line":8,"column":1}}}},"branchMap":{},"s":{"0":6,"1":2},"f":{"0":6},"b":{}}
,"/home/roberta/Área de Trabalho/projeto19-drivenpass/src/middlewares/authentication-middleware.ts": {"path":"/home/roberta/Área de Trabalho/projeto19-drivenpass/src/middlewares/authentication-middleware.ts","statementMap":{"0":{"start":{"line":2,"column":0},"end":{"line":2,"column":37}},"1":{"start":{"line":3,"column":0},"end":{"line":3,"column":36}},"2":{"start":{"line":5,"column":0},"end":{"line":5,"column":45}},"3":{"start":{"line":9,"column":21},"end":{"line":9,"column":48}},"4":{"start":{"line":10,"column":2},"end":{"line":10,"column":60}},"5":{"start":{"line":10,"column":19},"end":{"line":10,"column":60}},"6":{"start":{"line":12,"column":16},"end":{"line":12,"column":40}},"7":{"start":{"line":13,"column":2},"end":{"line":13,"column":55}},"8":{"start":{"line":13,"column":14},"end":{"line":13,"column":55}},"9":{"start":{"line":15,"column":2},"end":{"line":23,"column":null}},"10":{"start":{"line":16,"column":23},"end":{"line":16,"column":78}},"11":{"start":{"line":18,"column":4},"end":{"line":18,"column":24}},"12":{"start":{"line":20,"column":4},"end":{"line":20,"column":18}},"13":{"start":{"line":22,"column":4},"end":{"line":22,"column":45}},"14":{"start":{"line":8,"column":0},"end":{"line":8,"column":7}},"15":{"start":{"line":27,"column":2},"end":{"line":27,"column":64}}},"fnMap":{"0":{"name":"authenticateToken","decl":{"start":{"line":8,"column":22},"end":{"line":8,"column":39}},"loc":{"start":{"line":8,"column":100},"end":{"line":24,"column":1}}},"1":{"name":"generateUnauthorizedResponse","decl":{"start":{"line":26,"column":9},"end":{"line":26,"column":37}},"loc":{"start":{"line":26,"column":51},"end":{"line":28,"column":1}}}},"branchMap":{"0":{"loc":{"start":{"line":10,"column":2},"end":{"line":10,"column":60}},"type":"if","locations":[{"start":{"line":10,"column":2},"end":{"line":10,"column":60}}]},"1":{"loc":{"start":{"line":13,"column":2},"end":{"line":13,"column":55}},"type":"if","locations":[{"start":{"line":13,"column":2},"end":{"line":13,"column":55}}]}},"s":{"0":2,"1":2,"2":2,"3":12,"4":12,"5":3,"6":9,"7":9,"8":0,"9":9,"10":9,"11":6,"12":6,"13":3,"14":2,"15":6},"f":{"0":12,"1":6},"b":{"0":[3],"1":[0]}}
,"/home/roberta/Área de Trabalho/projeto19-drivenpass/src/middlewares/index.ts": {"path":"/home/roberta/Área de Trabalho/projeto19-drivenpass/src/middlewares/index.ts","statementMap":{"0":{"start":{"line":1,"column":0},"end":{"line":1,"column":40}},"1":{"start":{"line":2,"column":0},"end":{"line":2,"column":44}}},"fnMap":{},"branchMap":{},"s":{"0":2,"1":2},"f":{},"b":{}}
,"/home/roberta/Área de Trabalho/projeto19-drivenpass/src/middlewares/validation-middleware.ts": {"path":"/home/roberta/Área de Trabalho/projeto19-drivenpass/src/middlewares/validation-middleware.ts","statementMap":{"0":{"start":{"line":1,"column":0},"end":{"line":1,"column":44}},"1":{"start":{"line":3,"column":0},"end":{"line":3,"column":37}},"2":{"start":{"line":7,"column":2},"end":{"line":7,"column":null}},"3":{"start":{"line":8,"column":2},"end":{"line":8,"column":34}},"4":{"start":{"line":6,"column":0},"end":{"line":6,"column":16}},"5":{"start":{"line":12,"column":2},"end":{"line":12,"column":36}},"6":{"start":{"line":11,"column":0},"end":{"line":11,"column":16}},"7":{"start":{"line":16,"column":2},"end":{"line":26,"column":4}},"8":{"start":{"line":17,"column":22},"end":{"line":19,"column":6}},"9":{"start":{"line":21,"column":4},"end":{"line":25,"column":null}},"10":{"start":{"line":22,"column":6},"end":{"line":22,"column":13}},"11":{"start":{"line":24,"column":6},"end":{"line":24,"column":101}},"12":{"start":{"line":24,"column":88},"end":{"line":24,"column":97}}},"fnMap":{"0":{"name":"validateBody","decl":{"start":{"line":6,"column":16},"end":{"line":6,"column":28}},"loc":{"start":{"line":6,"column":55},"end":{"line":9,"column":1}}},"1":{"name":"validateParams","decl":{"start":{"line":11,"column":16},"end":{"line":11,"column":30}},"loc":{"start":{"line":11,"column":57},"end":{"line":13,"column":1}}},"2":{"name":"validate","decl":{"start":{"line":15,"column":9},"end":{"line":15,"column":17}},"loc":{"start":{"line":15,"column":63},"end":{"line":27,"column":1}}},"3":{"name":"(anonymous_4)","decl":{"start":{"line":16,"column":9},"end":{"line":16,"column":10}},"loc":{"start":{"line":16,"column":61},"end":{"line":26,"column":3}}},"4":{"name":"(anonymous_5)","decl":{"start":{"line":24,"column":81},"end":{"line":24,"column":82}},"loc":{"start":{"line":24,"column":88},"end":{"line":24,"column":97}}}},"branchMap":{"0":{"loc":{"start":{"line":21,"column":4},"end":{"line":25,"column":null}},"type":"if","locations":[{"start":{"line":21,"column":4},"end":{"line":25,"column":null}},{"start":{"line":23,"column":11},"end":{"line":25,"column":null}}]}},"s":{"0":2,"1":2,"2":10,"3":10,"4":2,"5":0,"6":2,"7":10,"8":12,"9":12,"10":7,"11":5,"12":15},"f":{"0":10,"1":0,"2":10,"3":12,"4":15},"b":{"0":[7,5]}}
,"/home/roberta/Área de Trabalho/projeto19-drivenpass/src/repositories/creedential-repository/index.ts": {"path":"/home/roberta/Área de Trabalho/projeto19-drivenpass/src/repositories/creedential-repository/index.ts","statementMap":{"0":{"start":{"line":1,"column":0},"end":{"line":1,"column":34}},"1":{"start":{"line":6,"column":22},"end":{"line":11,"column":4}},"2":{"start":{"line":13,"column":2},"end":{"line":13,"column":null}},"3":{"start":{"line":19,"column":3},"end":{"line":27,"column":7}},"4":{"start":{"line":29,"column":4},"end":{"line":29,"column":10}},"5":{"start":{"line":35,"column":29},"end":{"line":39,"column":6}},"6":{"start":{"line":41,"column":4},"end":{"line":41,"column":null}},"7":{"start":{"line":46,"column":29},"end":{"line":50,"column":6}},"8":{"start":{"line":52,"column":4},"end":{"line":52,"column":null}},"9":{"start":{"line":56,"column":29},"end":{"line":62,"column":2}},"10":{"start":{"line":64,"column":0},"end":{"line":64,"column":36}}},"fnMap":{"0":{"name":"findCredentailByUserAndTitle","decl":{"start":{"line":4,"column":15},"end":{"line":4,"column":43}},"loc":{"start":{"line":4,"column":73},"end":{"line":15,"column":1}}},"1":{"name":"createCrendentialValid","decl":{"start":{"line":17,"column":15},"end":{"line":17,"column":37}},"loc":{"start":{"line":17,"column":115},"end":{"line":31,"column":3}}},"2":{"name":"findCredentailByUser","decl":{"start":{"line":33,"column":17},"end":{"line":33,"column":37}},"loc":{"start":{"line":33,"column":52},"end":{"line":43,"column":3}}},"3":{"name":"findCredentailById","decl":{"start":{"line":44,"column":17},"end":{"line":44,"column":35}},"loc":{"start":{"line":44,"column":46},"end":{"line":54,"column":3}}}},"branchMap":{},"s":{"0":2,"1":2,"2":2,"3":1,"4":1,"5":0,"6":0,"7":3,"8":3,"9":2,"10":2},"f":{"0":2,"1":1,"2":0,"3":3},"b":{}}
,"/home/roberta/Área de Trabalho/projeto19-drivenpass/src/repositories/user-repository/index.ts": {"path":"/home/roberta/Área de Trabalho/projeto19-drivenpass/src/repositories/user-repository/index.ts","statementMap":{"0":{"start":{"line":1,"column":0},"end":{"line":1,"column":34}},"1":{"start":{"line":6,"column":16},"end":{"line":6,"column":61}},"2":{"start":{"line":8,"column":2},"end":{"line":8,"column":null}},"3":{"start":{"line":13,"column":2},"end":{"line":18,"column":5}},"4":{"start":{"line":21,"column":23},"end":{"line":24,"column":2}},"5":{"start":{"line":26,"column":0},"end":{"line":26,"column":30}}},"fnMap":{"0":{"name":"findByEmail","decl":{"start":{"line":4,"column":15},"end":{"line":4,"column":26}},"loc":{"start":{"line":4,"column":40},"end":{"line":9,"column":1}}},"1":{"name":"create","decl":{"start":{"line":11,"column":15},"end":{"line":11,"column":21}},"loc":{"start":{"line":11,"column":59},"end":{"line":19,"column":1}}}},"branchMap":{},"s":{"0":2,"1":5,"2":5,"3":1,"4":2,"5":2},"f":{"0":5,"1":1},"b":{}}
,"/home/roberta/Área de Trabalho/projeto19-drivenpass/src/routers/credentials-router.ts": {"path":"/home/roberta/Área de Trabalho/projeto19-drivenpass/src/routers/credentials-router.ts","statementMap":{"0":{"start":{"line":1,"column":0},"end":{"line":1,"column":33}},"1":{"start":{"line":2,"column":0},"end":{"line":2,"column":51}},"2":{"start":{"line":3,"column":0},"end":{"line":3,"column":64}},"3":{"start":{"line":4,"column":0},"end":{"line":4,"column":81}},"4":{"start":{"line":6,"column":26},"end":{"line":6,"column":34}},"5":{"start":{"line":14,"column":9},"end":{"line":14,"column":26}},"6":{"start":{"line":8,"column":0},"end":{"line":12,"column":36}}},"fnMap":{},"branchMap":{},"s":{"0":2,"1":2,"2":2,"3":2,"4":2,"5":2,"6":2},"f":{},"b":{}}
,"/home/roberta/Área de Trabalho/projeto19-drivenpass/src/routers/index.ts": {"path":"/home/roberta/Área de Trabalho/projeto19-drivenpass/src/routers/index.ts","statementMap":{"0":{"start":{"line":1,"column":0},"end":{"line":1,"column":30}},"1":{"start":{"line":2,"column":0},"end":{"line":2,"column":36}},"2":{"start":{"line":3,"column":0},"end":{"line":3,"column":33}}},"fnMap":{},"branchMap":{},"s":{"0":2,"1":2,"2":2},"f":{},"b":{}}
,"/home/roberta/Área de Trabalho/projeto19-drivenpass/src/routers/networks-router.ts": {"path":"/home/roberta/Área de Trabalho/projeto19-drivenpass/src/routers/networks-router.ts","statementMap":{"0":{"start":{"line":1,"column":0},"end":{"line":1,"column":33}},"1":{"start":{"line":3,"column":0},"end":{"line":3,"column":45}},"2":{"start":{"line":4,"column":0},"end":{"line":4,"column":45}},"3":{"start":{"line":7,"column":23},"end":{"line":7,"column":31}},"4":{"start":{"line":12,"column":9},"end":{"line":12,"column":23}},"5":{"start":{"line":9,"column":0},"end":{"line":9,"column":57}},"6":{"start":{"line":10,"column":0},"end":{"line":10,"column":56}}},"fnMap":{},"branchMap":{},"s":{"0":2,"1":2,"2":2,"3":2,"4":2,"5":2,"6":2},"f":{},"b":{}}
,"/home/roberta/Área de Trabalho/projeto19-drivenpass/src/routers/users-router.ts": {"path":"/home/roberta/Área de Trabalho/projeto19-drivenpass/src/routers/users-router.ts","statementMap":{"0":{"start":{"line":1,"column":0},"end":{"line":1,"column":33}},"1":{"start":{"line":3,"column":0},"end":{"line":3,"column":45}},"2":{"start":{"line":4,"column":0},"end":{"line":4,"column":45}},"3":{"start":{"line":5,"column":0},"end":{"line":5,"column":54}},"4":{"start":{"line":7,"column":20},"end":{"line":7,"column":28}},"5":{"start":{"line":12,"column":9},"end":{"line":12,"column":20}},"6":{"start":{"line":9,"column":0},"end":{"line":9,"column":72}},"7":{"start":{"line":10,"column":0},"end":{"line":10,"column":65}}},"fnMap":{},"branchMap":{},"s":{"0":2,"1":2,"2":2,"3":2,"4":2,"5":2,"6":2,"7":2},"f":{},"b":{}}
,"/home/roberta/Área de Trabalho/projeto19-drivenpass/src/schemas/credentials-schemas.ts": {"path":"/home/roberta/Área de Trabalho/projeto19-drivenpass/src/schemas/credentials-schemas.ts","statementMap":{"0":{"start":{"line":2,"column":0},"end":{"line":2,"column":22}},"1":{"start":{"line":4,"column":13},"end":{"line":9,"column":3}}},"fnMap":{},"branchMap":{},"s":{"0":2,"1":2},"f":{},"b":{}}
,"/home/roberta/Área de Trabalho/projeto19-drivenpass/src/schemas/index.ts": {"path":"/home/roberta/Área de Trabalho/projeto19-drivenpass/src/schemas/index.ts","statementMap":{"0":{"start":{"line":1,"column":0},"end":{"line":1,"column":31}},"1":{"start":{"line":2,"column":0},"end":{"line":2,"column":37}},"2":{"start":{"line":3,"column":0},"end":{"line":3,"column":33}}},"fnMap":{},"branchMap":{},"s":{"0":2,"1":2,"2":2},"f":{},"b":{}}
,"/home/roberta/Área de Trabalho/projeto19-drivenpass/src/schemas/network-schemas.ts": {"path":"/home/roberta/Área de Trabalho/projeto19-drivenpass/src/schemas/network-schemas.ts","statementMap":{"0":{"start":{"line":2,"column":0},"end":{"line":2,"column":22}},"1":{"start":{"line":4,"column":13},"end":{"line":8,"column":3}}},"fnMap":{},"branchMap":{},"s":{"0":2,"1":2},"f":{},"b":{}}
,"/home/roberta/Área de Trabalho/projeto19-drivenpass/src/schemas/users-schemas.ts": {"path":"/home/roberta/Área de Trabalho/projeto19-drivenpass/src/schemas/users-schemas.ts","statementMap":{"0":{"start":{"line":2,"column":0},"end":{"line":2,"column":22}},"1":{"start":{"line":4,"column":13},"end":{"line":7,"column":3}}},"fnMap":{},"branchMap":{},"s":{"0":2,"1":2},"f":{},"b":{}}
,"/home/roberta/Área de Trabalho/projeto19-drivenpass/src/services/credentials-service.ts": {"path":"/home/roberta/Área de Trabalho/projeto19-drivenpass/src/services/credentials-service.ts","statementMap":{"0":{"start":{"line":1,"column":0},"end":{"line":1,"column":41}},"1":{"start":{"line":2,"column":0},"end":{"line":2,"column":73}},"2":{"start":{"line":7,"column":0},"end":{"line":7,"column":42}},"3":{"start":{"line":12,"column":28},"end":{"line":12,"column":98}},"4":{"start":{"line":14,"column":4},"end":{"line":17,"column":null}},"5":{"start":{"line":16,"column":8},"end":{"line":16,"column":null}},"6":{"start":{"line":19,"column":27},"end":{"line":19,"column":56}},"7":{"start":{"line":21,"column":4},"end":{"line":21,"column":null}},"8":{"start":{"line":23,"column":4},"end":{"line":23,"column":10}},"9":{"start":{"line":10,"column":0},"end":{"line":10,"column":7}},"10":{"start":{"line":28,"column":29},"end":{"line":28,"column":84}},"11":{"start":{"line":30,"column":43},"end":{"line":30,"column":87}},"12":{"start":{"line":32,"column":4},"end":{"line":32,"column":null}},"13":{"start":{"line":26,"column":0},"end":{"line":26,"column":7}},"14":{"start":{"line":36,"column":26},"end":{"line":36,"column":75}},"15":{"start":{"line":38,"column":4},"end":{"line":40,"column":null}},"16":{"start":{"line":39,"column":8},"end":{"line":39,"column":null}},"17":{"start":{"line":41,"column":0},"end":{"line":41,"column":null}},"18":{"start":{"line":42,"column":4},"end":{"line":46,"column":null}},"19":{"start":{"line":43,"column":8},"end":{"line":43,"column":null}},"20":{"start":{"line":44,"column":8},"end":{"line":44,"column":null}},"21":{"start":{"line":45,"column":8},"end":{"line":45,"column":null}},"22":{"start":{"line":48,"column":40},"end":{"line":48,"column":74}},"23":{"start":{"line":50,"column":4},"end":{"line":50,"column":null}},"24":{"start":{"line":34,"column":0},"end":{"line":34,"column":7}},"25":{"start":{"line":57,"column":19},"end":{"line":57,"column":36}},"26":{"start":{"line":58,"column":19},"end":{"line":58,"column":53}},"27":{"start":{"line":60,"column":4},"end":{"line":60,"column":null}},"28":{"start":{"line":65,"column":19},"end":{"line":65,"column":36}},"29":{"start":{"line":66,"column":19},"end":{"line":66,"column":53}},"30":{"start":{"line":68,"column":4},"end":{"line":70,"column":null}},"31":{"start":{"line":68,"column":15},"end":{"line":68,"column":16}},"32":{"start":{"line":69,"column":8},"end":{"line":69,"column":null}},"33":{"start":{"line":72,"column":4},"end":{"line":72,"column":null}},"34":{"start":{"line":78,"column":19},"end":{"line":78,"column":36}},"35":{"start":{"line":79,"column":19},"end":{"line":79,"column":53}},"36":{"start":{"line":80,"column":4},"end":{"line":80,"column":null}},"37":{"start":{"line":82,"column":4},"end":{"line":82,"column":null}},"38":{"start":{"line":87,"column":26},"end":{"line":91,"column":2}},"39":{"start":{"line":93,"column":0},"end":{"line":93,"column":25}},"40":{"start":{"line":94,"column":0},"end":{"line":94,"column":33}}},"fnMap":{"0":{"name":"createCredential","decl":{"start":{"line":10,"column":22},"end":{"line":10,"column":38}},"loc":{"start":{"line":10,"column":117},"end":{"line":24,"column":1}}},"1":{"name":"findCredential","decl":{"start":{"line":26,"column":22},"end":{"line":26,"column":36}},"loc":{"start":{"line":26,"column":51},"end":{"line":33,"column":1}}},"2":{"name":"findCredentialById","decl":{"start":{"line":34,"column":22},"end":{"line":34,"column":40}},"loc":{"start":{"line":34,"column":66},"end":{"line":52,"column":1}}},"3":{"name":"criptPassword","decl":{"start":{"line":55,"column":15},"end":{"line":55,"column":28}},"loc":{"start":{"line":55,"column":45},"end":{"line":62,"column":1}}},"4":{"name":"decryptHashPasswords","decl":{"start":{"line":63,"column":15},"end":{"line":63,"column":35}},"loc":{"start":{"line":63,"column":66},"end":{"line":74,"column":1}}},"5":{"name":"decryptHashPassword","decl":{"start":{"line":76,"column":15},"end":{"line":76,"column":34}},"loc":{"start":{"line":76,"column":62},"end":{"line":84,"column":1}}}},"branchMap":{"0":{"loc":{"start":{"line":14,"column":4},"end":{"line":17,"column":null}},"type":"if","locations":[{"start":{"line":14,"column":4},"end":{"line":17,"column":null}}]},"1":{"loc":{"start":{"line":38,"column":4},"end":{"line":40,"column":null}},"type":"if","locations":[{"start":{"line":38,"column":4},"end":{"line":40,"column":null}}]},"2":{"loc":{"start":{"line":42,"column":4},"end":{"line":46,"column":null}},"type":"if","locations":[{"start":{"line":42,"column":4},"end":{"line":46,"column":null}}]}},"s":{"0":2,"1":2,"2":2,"3":2,"4":2,"5":1,"6":1,"7":1,"8":1,"9":2,"10":0,"11":0,"12":0,"13":2,"14":3,"15":3,"16":1,"17":2,"18":2,"19":1,"20":1,"21":1,"22":1,"23":1,"24":2,"25":1,"26":1,"27":1,"28":0,"29":0,"30":0,"31":0,"32":0,"33":0,"34":1,"35":1,"36":1,"37":1,"38":2,"39":2,"40":2},"f":{"0":2,"1":0,"2":3,"3":1,"4":0,"5":1},"b":{"0":[1],"1":[1],"2":[1]}}
,"/home/roberta/Área de Trabalho/projeto19-drivenpass/src/services/errors.ts": {"path":"/home/roberta/Área de Trabalho/projeto19-drivenpass/src/services/errors.ts","statementMap":{"0":{"start":{"line":4,"column":2},"end":{"line":7,"column":4}},"1":{"start":{"line":3,"column":0},"end":{"line":3,"column":16}},"2":{"start":{"line":11,"column":2},"end":{"line":14,"column":4}},"3":{"start":{"line":10,"column":0},"end":{"line":10,"column":16}},"4":{"start":{"line":18,"column":2},"end":{"line":21,"column":4}},"5":{"start":{"line":17,"column":0},"end":{"line":17,"column":16}},"6":{"start":{"line":25,"column":2},"end":{"line":28,"column":4}},"7":{"start":{"line":24,"column":0},"end":{"line":24,"column":16}}},"fnMap":{"0":{"name":"duplicatedEmailError","decl":{"start":{"line":3,"column":16},"end":{"line":3,"column":36}},"loc":{"start":{"line":3,"column":36},"end":{"line":8,"column":1}}},"1":{"name":"invalidCredentialsError","decl":{"start":{"line":10,"column":16},"end":{"line":10,"column":39}},"loc":{"start":{"line":10,"column":39},"end":{"line":15,"column":1}}},"2":{"name":"conflictError","decl":{"start":{"line":17,"column":16},"end":{"line":17,"column":29}},"loc":{"start":{"line":17,"column":29},"end":{"line":22,"column":1}}},"3":{"name":"invalidIdError","decl":{"start":{"line":24,"column":16},"end":{"line":24,"column":30}},"loc":{"start":{"line":24,"column":30},"end":{"line":29,"column":1}}}},"branchMap":{},"s":{"0":1,"1":2,"2":2,"3":2,"4":1,"5":2,"6":2,"7":2},"f":{"0":1,"1":2,"2":1,"3":2},"b":{}}
,"/home/roberta/Área de Trabalho/projeto19-drivenpass/src/services/users-service.ts": {"path":"/home/roberta/Área de Trabalho/projeto19-drivenpass/src/services/users-service.ts","statementMap":{"0":{"start":{"line":1,"column":0},"end":{"line":1,"column":60}},"1":{"start":{"line":3,"column":0},"end":{"line":3,"column":28}},"2":{"start":{"line":4,"column":0},"end":{"line":4,"column":36}},"3":{"start":{"line":6,"column":0},"end":{"line":6,"column":73}},"4":{"start":{"line":10,"column":2},"end":{"line":10,"column":41}},"5":{"start":{"line":12,"column":25},"end":{"line":12,"column":56}},"6":{"start":{"line":14,"column":2},"end":{"line":17,"column":5}},"7":{"start":{"line":19,"column":2},"end":{"line":19,"column":8}},"8":{"start":{"line":8,"column":0},"end":{"line":8,"column":7}},"9":{"start":{"line":23,"column":28},"end":{"line":23,"column":67}},"10":{"start":{"line":24,"column":2},"end":{"line":26,"column":null}},"11":{"start":{"line":25,"column":4},"end":{"line":25,"column":33}},"12":{"start":{"line":31,"column":15},"end":{"line":31,"column":43}},"13":{"start":{"line":33,"column":2},"end":{"line":33,"column":null}},"14":{"start":{"line":35,"column":24},"end":{"line":35,"column":57}},"15":{"start":{"line":37,"column":2},"end":{"line":37,"column":null}},"16":{"start":{"line":29,"column":0},"end":{"line":29,"column":7}},"17":{"start":{"line":42,"column":26},"end":{"line":42,"column":70}},"18":{"start":{"line":43,"column":2},"end":{"line":43,"column":null}},"19":{"start":{"line":44,"column":2},"end":{"line":46,"column":null}},"20":{"start":{"line":45,"column":4},"end":{"line":45,"column":36}},"21":{"start":{"line":50,"column":22},"end":{"line":50,"column":61}},"22":{"start":{"line":51,"column":2},"end":{"line":51,"column":null}},"23":{"start":{"line":52,"column":2},"end":{"line":54,"column":null}},"24":{"start":{"line":53,"column":4},"end":{"line":53,"column":36}},"25":{"start":{"line":55,"column":2},"end":{"line":55,"column":null}},"26":{"start":{"line":61,"column":16},"end":{"line":61,"column":60}},"27":{"start":{"line":63,"column":2},"end":{"line":63,"column":null}},"28":{"start":{"line":69,"column":20},"end":{"line":72,"column":2}},"29":{"start":{"line":74,"column":0},"end":{"line":74,"column":25}},"30":{"start":{"line":75,"column":0},"end":{"line":75,"column":27}}},"fnMap":{"0":{"name":"createUser","decl":{"start":{"line":8,"column":22},"end":{"line":8,"column":32}},"loc":{"start":{"line":8,"column":70},"end":{"line":20,"column":1}}},"1":{"name":"validateUniqueEmailOrFail","decl":{"start":{"line":22,"column":15},"end":{"line":22,"column":40}},"loc":{"start":{"line":22,"column":54},"end":{"line":27,"column":1}}},"2":{"name":"logUserIn","decl":{"start":{"line":29,"column":22},"end":{"line":29,"column":31}},"loc":{"start":{"line":29,"column":63},"end":{"line":38,"column":1}}},"3":{"name":"validatePasswordOrFail","decl":{"start":{"line":40,"column":15},"end":{"line":40,"column":37}},"loc":{"start":{"line":40,"column":76},"end":{"line":47,"column":1}}},"4":{"name":"findUserByEmail","decl":{"start":{"line":49,"column":15},"end":{"line":49,"column":30}},"loc":{"start":{"line":49,"column":44},"end":{"line":56,"column":1}}},"5":{"name":"generateToken","decl":{"start":{"line":59,"column":9},"end":{"line":59,"column":22}},"loc":{"start":{"line":59,"column":37},"end":{"line":64,"column":1}}}},"branchMap":{"0":{"loc":{"start":{"line":24,"column":2},"end":{"line":26,"column":null}},"type":"if","locations":[{"start":{"line":24,"column":2},"end":{"line":26,"column":null}}]},"1":{"loc":{"start":{"line":44,"column":2},"end":{"line":46,"column":null}},"type":"if","locations":[{"start":{"line":44,"column":2},"end":{"line":46,"column":null}}]},"2":{"loc":{"start":{"line":52,"column":2},"end":{"line":54,"column":null}},"type":"if","locations":[{"start":{"line":52,"column":2},"end":{"line":54,"column":null}}]}},"s":{"0":2,"1":2,"2":2,"3":2,"4":2,"5":1,"6":1,"7":1,"8":2,"9":2,"10":2,"11":1,"12":3,"13":2,"14":1,"15":1,"16":2,"17":2,"18":2,"19":2,"20":1,"21":3,"22":3,"23":3,"24":1,"25":2,"26":1,"27":1,"28":2,"29":2,"30":2},"f":{"0":2,"1":2,"2":3,"3":2,"4":3,"5":1},"b":{"0":[1],"1":[1],"2":[1]}}
,"/home/roberta/Área de Trabalho/projeto19-drivenpass/tests/helpers.ts": {"path":"/home/roberta/Área de Trabalho/projeto19-drivenpass/tests/helpers.ts","statementMap":{"0":{"start":{"line":1,"column":0},"end":{"line":1,"column":36}},"1":{"start":{"line":3,"column":0},"end":{"line":3,"column":41}},"2":{"start":{"line":4,"column":0},"end":{"line":4,"column":34}},"3":{"start":{"line":7,"column":2},"end":{"line":7,"column":38}},"4":{"start":{"line":8,"column":2},"end":{"line":8,"column":41}},"5":{"start":{"line":9,"column":2},"end":{"line":9,"column":35}},"6":{"start":{"line":6,"column":0},"end":{"line":6,"column":7}},"7":{"start":{"line":13,"column":23},"end":{"line":13,"column":51}},"8":{"start":{"line":14,"column":16},"end":{"line":14,"column":77}},"9":{"start":{"line":16,"column":2},"end":{"line":16,"column":15}},"10":{"start":{"line":12,"column":0},"end":{"line":12,"column":7}}},"fnMap":{"0":{"name":"cleanDb","decl":{"start":{"line":6,"column":22},"end":{"line":6,"column":29}},"loc":{"start":{"line":6,"column":29},"end":{"line":10,"column":1}}},"1":{"name":"generateValidToken","decl":{"start":{"line":12,"column":22},"end":{"line":12,"column":40}},"loc":{"start":{"line":12,"column":52},"end":{"line":17,"column":1}}}},"branchMap":{"0":{"loc":{"start":{"line":13,"column":23},"end":{"line":13,"column":51}},"type":"binary-expr","locations":[{"start":{"line":13,"column":23},"end":{"line":13,"column":27}},{"start":{"line":13,"column":32},"end":{"line":13,"column":50}}]}},"s":{"0":2,"1":2,"2":2,"3":22,"4":22,"5":22,"6":2,"7":0,"8":0,"9":0,"10":2},"f":{"0":22,"1":0},"b":{"0":[0,0]}}
,"/home/roberta/Área de Trabalho/projeto19-drivenpass/tests/factories/credential-factory.ts": {"path":"/home/roberta/Área de Trabalho/projeto19-drivenpass/tests/factories/credential-factory.ts","statementMap":{"0":{"start":{"line":4,"column":0},"end":{"line":4,"column":34}},"1":{"start":{"line":8,"column":29},"end":{"line":8,"column":44}},"2":{"start":{"line":9,"column":19},"end":{"line":9,"column":36}},"3":{"start":{"line":10,"column":19},"end":{"line":10,"column":53}},"4":{"start":{"line":11,"column":27},"end":{"line":11,"column":59}},"5":{"start":{"line":12,"column":4},"end":{"line":21,"column":null}},"6":{"start":{"line":6,"column":0},"end":{"line":6,"column":7}},"7":{"start":{"line":33,"column":0},"end":{"line":33,"column":null}},"8":{"start":{"line":36,"column":4},"end":{"line":36,"column":null}},"9":{"start":{"line":35,"column":0},"end":{"line":35,"column":7}}},"fnMap":{"0":{"name":"createCredential","decl":{"start":{"line":6,"column":22},"end":{"line":6,"column":38}},"loc":{"start":{"line":6,"column":71},"end":{"line":32,"column":1}}},"1":{"name":"findCredentials","decl":{"start":{"line":35,"column":22},"end":{"line":35,"column":37}},"loc":{"start":{"line":35,"column":52},"end":{"line":37,"column":1}}}},"branchMap":{"0":{"loc":{"start":{"line":6,"column":39},"end":{"line":6,"column":71}},"type":"default-arg","locations":[{"start":{"line":6,"column":69},"end":{"line":6,"column":71}}]}},"s":{"0":2,"1":5,"2":5,"3":5,"4":5,"5":5,"6":2,"7":2,"8":1,"9":2},"f":{"0":5,"1":1},"b":{"0":[0]}}
,"/home/roberta/Área de Trabalho/projeto19-drivenpass/tests/factories/index.ts": {"path":"/home/roberta/Área de Trabalho/projeto19-drivenpass/tests/factories/index.ts","statementMap":{"0":{"start":{"line":1,"column":0},"end":{"line":1,"column":32}},"1":{"start":{"line":2,"column":0},"end":{"line":2,"column":36}}},"fnMap":{},"branchMap":{},"s":{"0":2,"1":2},"f":{},"b":{}}
,"/home/roberta/Área de Trabalho/projeto19-drivenpass/tests/factories/user-factories.ts": {"path":"/home/roberta/Área de Trabalho/projeto19-drivenpass/tests/factories/user-factories.ts","statementMap":{"0":{"start":{"line":1,"column":0},"end":{"line":1,"column":28}},"1":{"start":{"line":2,"column":0},"end":{"line":2,"column":38}},"2":{"start":{"line":4,"column":0},"end":{"line":4,"column":34}},"3":{"start":{"line":8,"column":29},"end":{"line":8,"column":77}},"4":{"start":{"line":9,"column":27},"end":{"line":9,"column":66}},"5":{"start":{"line":10,"column":4},"end":{"line":15,"column":7}},"6":{"start":{"line":6,"column":0},"end":{"line":6,"column":8}},"7":{"start":{"line":19,"column":6},"end":{"line":19,"column":null}},"8":{"start":{"line":18,"column":2},"end":{"line":18,"column":10}}},"fnMap":{"0":{"name":"createUser","decl":{"start":{"line":6,"column":23},"end":{"line":6,"column":33}},"loc":{"start":{"line":6,"column":60},"end":{"line":16,"column":3}}},"1":{"name":"findUsers","decl":{"start":{"line":18,"column":25},"end":{"line":18,"column":34}},"loc":{"start":{"line":18,"column":47},"end":{"line":20,"column":3}}}},"branchMap":{"0":{"loc":{"start":{"line":6,"column":34},"end":{"line":6,"column":60}},"type":"default-arg","locations":[{"start":{"line":6,"column":58},"end":{"line":6,"column":60}}]},"1":{"loc":{"start":{"line":8,"column":29},"end":{"line":8,"column":77}},"type":"binary-expr","locations":[{"start":{"line":8,"column":29},"end":{"line":8,"column":44}},{"start":{"line":8,"column":48},"end":{"line":8,"column":77}}]},"2":{"loc":{"start":{"line":12,"column":15},"end":{"line":12,"column":53}},"type":"binary-expr","locations":[{"start":{"line":12,"column":15},"end":{"line":12,"column":27}},{"start":{"line":12,"column":31},"end":{"line":12,"column":53}}]}},"s":{"0":2,"1":2,"2":2,"3":14,"4":14,"5":14,"6":2,"7":1,"8":2},"f":{"0":14,"1":1},"b":{"0":[10],"1":[14,10],"2":[14,10]}}
}
