TN:
SF:src/app.ts
FN:20,init
FN:25,close
FNF:2
FNH:1
FNDA:2,init
FNDA:0,close
DA:1,2
DA:2,2
DA:3,2
DA:4,2
DA:5,2
DA:7,2
DA:9,2
DA:12,2
DA:13,2
DA:20,2
DA:21,2
DA:22,2
DA:25,2
DA:26,0
DA:29,2
LF:15
LH:14
BRF:0
BRH:0
end_of_record
TN:
SF:src/config/database.ts
FN:4,connectDb
FN:8,disconnectDB
FNF:2
FNH:1
FNDA:2,connectDb
FNDA:0,disconnectDB
DA:1,2
DA:4,2
DA:5,2
DA:8,2
DA:9,0
LF:5
LH:4
BRF:0
BRH:0
end_of_record
TN:
SF:src/config/envs.ts
FN:4,loadEnv
FNF:1
FNH:1
FNDA:4,loadEnv
DA:1,2
DA:2,2
DA:4,2
DA:6,4
DA:12,4
DA:13,4
LF:6
LH:6
BRDA:6,0,0,4
BRDA:6,0,1,0
BRDA:8,1,0,0
BRDA:8,1,1,0
BRF:4
BRH:1
end_of_record
TN:
SF:src/config/index.ts
FNF:0
FNH:0
DA:1,2
DA:2,2
LF:2
LH:2
BRF:0
BRH:0
end_of_record
TN:
SF:src/controllers/credentials-controller.ts
FN:6,credentialPost
FN:21,credentialGet
FN:35,credentialGetById
FNF:3
FNH:2
FNDA:2,credentialPost
FNDA:0,credentialGet
FNDA:3,credentialGetById
DA:1,2
DA:3,2
DA:6,2
DA:7,2
DA:9,2
DA:11,2
DA:13,2
DA:15,1
DA:17,1
DA:21,2
DA:23,0
DA:25,0
DA:27,0
DA:28,0
DA:30,0
DA:35,2
DA:37,3
DA:39,3
DA:41,3
DA:42,3
DA:43,1
DA:45,2
LF:22
LH:17
BRF:0
BRH:0
end_of_record
TN:
SF:src/controllers/index.ts
FNF:0
FNH:0
DA:1,2
DA:2,2
LF:2
LH:2
BRF:0
BRH:0
end_of_record
TN:
SF:src/controllers/users-controller.ts
FN:5,userCreate
FN:15,userLogIn
FNF:2
FNH:2
FNDA:2,userCreate
FNDA:3,userLogIn
DA:1,2
DA:3,2
DA:5,2
DA:6,2
DA:7,2
DA:8,2
DA:9,1
DA:11,1
DA:15,2
DA:17,3
DA:18,3
DA:19,3
DA:21,1
DA:23,2
DA:24,2
DA:26,0
LF:16
LH:15
BRDA:23,0,0,2
BRF:1
BRH:1
end_of_record
TN:
SF:src/errors/index.ts
FNF:0
FNH:0
DA:1,2
DA:2,2
LF:2
LH:2
BRF:0
BRH:0
end_of_record
TN:
SF:src/errors/invalid-data-error.ts
FN:3,invalidDataError
FNF:1
FNH:1
FNDA:5,invalidDataError
DA:3,2
DA:4,5
LF:2
LH:2
BRF:0
BRH:0
end_of_record
TN:
SF:src/errors/unauthorized-error.ts
FN:3,unauthorizedError
FNF:1
FNH:1
FNDA:6,unauthorizedError
DA:3,2
DA:4,6
LF:2
LH:2
BRF:0
BRH:0
end_of_record
TN:
SF:src/middlewares/authentication-middleware.ts
FN:8,authenticateToken
FN:26,generateUnauthorizedResponse
FNF:2
FNH:2
FNDA:12,authenticateToken
FNDA:6,generateUnauthorizedResponse
DA:2,2
DA:3,2
DA:5,2
DA:8,2
DA:9,12
DA:10,12
DA:12,9
DA:13,9
DA:15,9
DA:16,9
DA:18,6
DA:20,6
DA:22,3
DA:27,6
LF:14
LH:14
BRDA:10,0,0,3
BRDA:13,1,0,0
BRF:2
BRH:1
end_of_record
TN:
SF:src/middlewares/index.ts
FNF:0
FNH:0
DA:1,2
DA:2,2
LF:2
LH:2
BRF:0
BRH:0
end_of_record
TN:
SF:src/middlewares/validation-middleware.ts
FN:6,validateBody
FN:11,validateParams
FN:15,validate
FN:16,(anonymous_4)
FN:24,(anonymous_5)
FNF:5
FNH:4
FNDA:10,validateBody
FNDA:0,validateParams
FNDA:10,validate
FNDA:12,(anonymous_4)
FNDA:15,(anonymous_5)
DA:1,2
DA:3,2
DA:6,2
DA:7,10
DA:8,10
DA:11,2
DA:12,0
DA:16,10
DA:17,12
DA:21,12
DA:22,7
DA:24,15
LF:12
LH:11
BRDA:21,0,0,7
BRDA:21,0,1,5
BRF:2
BRH:2
end_of_record
TN:
SF:src/repositories/creedential-repository/index.ts
FN:4,findCredentailByUserAndTitle
FN:17,createCrendentialValid
FN:33,findCredentailByUser
FN:44,findCredentailById
FNF:4
FNH:3
FNDA:2,findCredentailByUserAndTitle
FNDA:1,createCrendentialValid
FNDA:0,findCredentailByUser
FNDA:3,findCredentailById
DA:1,2
DA:6,2
DA:13,2
DA:19,1
DA:29,1
DA:35,0
DA:41,0
DA:46,3
DA:52,3
DA:56,2
DA:64,2
LF:11
LH:9
BRF:0
BRH:0
end_of_record
TN:
SF:src/repositories/user-repository/index.ts
FN:4,findByEmail
FN:11,create
FNF:2
FNH:2
FNDA:5,findByEmail
FNDA:1,create
DA:1,2
DA:6,5
DA:8,5
DA:13,1
DA:21,2
DA:26,2
LF:6
LH:6
BRF:0
BRH:0
end_of_record
TN:
SF:src/routers/credentials-router.ts
FNF:0
FNH:0
DA:1,2
DA:2,2
DA:3,2
DA:4,2
DA:6,2
DA:8,2
DA:14,2
LF:7
LH:7
BRF:0
BRH:0
end_of_record
TN:
SF:src/routers/index.ts
FNF:0
FNH:0
DA:1,2
DA:2,2
DA:3,2
LF:3
LH:3
BRF:0
BRH:0
end_of_record
TN:
SF:src/routers/networks-router.ts
FNF:0
FNH:0
DA:1,2
DA:3,2
DA:4,2
DA:7,2
DA:9,2
DA:10,2
DA:12,2
LF:7
LH:7
BRF:0
BRH:0
end_of_record
TN:
SF:src/routers/users-router.ts
FNF:0
FNH:0
DA:1,2
DA:3,2
DA:4,2
DA:5,2
DA:7,2
DA:9,2
DA:10,2
DA:12,2
LF:8
LH:8
BRF:0
BRH:0
end_of_record
TN:
SF:src/schemas/credentials-schemas.ts
FNF:0
FNH:0
DA:2,2
DA:4,2
LF:2
LH:2
BRF:0
BRH:0
end_of_record
TN:
SF:src/schemas/index.ts
FNF:0
FNH:0
DA:1,2
DA:2,2
DA:3,2
LF:3
LH:3
BRF:0
BRH:0
end_of_record
TN:
SF:src/schemas/network-schemas.ts
FNF:0
FNH:0
DA:2,2
DA:4,2
LF:2
LH:2
BRF:0
BRH:0
end_of_record
TN:
SF:src/schemas/users-schemas.ts
FNF:0
FNH:0
DA:2,2
DA:4,2
LF:2
LH:2
BRF:0
BRH:0
end_of_record
TN:
SF:src/services/credentials-service.ts
FN:10,createCredential
FN:26,findCredential
FN:34,findCredentialById
FN:55,criptPassword
FN:63,decryptHashPasswords
FN:76,decryptHashPassword
FNF:6
FNH:4
FNDA:2,createCredential
FNDA:0,findCredential
FNDA:3,findCredentialById
FNDA:1,criptPassword
FNDA:0,decryptHashPasswords
FNDA:1,decryptHashPassword
DA:1,2
DA:2,2
DA:7,2
DA:10,2
DA:12,2
DA:14,2
DA:16,1
DA:19,1
DA:21,1
DA:23,1
DA:26,2
DA:28,0
DA:30,0
DA:32,0
DA:34,2
DA:36,3
DA:38,3
DA:39,1
DA:41,2
DA:42,2
DA:43,1
DA:44,1
DA:45,1
DA:48,1
DA:50,1
DA:57,1
DA:58,1
DA:60,1
DA:65,0
DA:66,0
DA:68,0
DA:69,0
DA:72,0
DA:78,1
DA:79,1
DA:80,1
DA:82,1
DA:87,2
DA:93,2
DA:94,2
LF:40
LH:32
BRDA:14,0,0,1
BRDA:38,1,0,1
BRDA:42,2,0,1
BRF:3
BRH:3
end_of_record
TN:
SF:src/services/errors.ts
FN:3,duplicatedEmailError
FN:10,invalidCredentialsError
FN:17,conflictError
FN:24,invalidIdError
FNF:4
FNH:4
FNDA:1,duplicatedEmailError
FNDA:2,invalidCredentialsError
FNDA:1,conflictError
FNDA:2,invalidIdError
DA:3,2
DA:4,1
DA:10,2
DA:11,2
DA:17,2
DA:18,1
DA:24,2
DA:25,2
LF:8
LH:8
BRF:0
BRH:0
end_of_record
TN:
SF:src/services/users-service.ts
FN:8,createUser
FN:22,validateUniqueEmailOrFail
FN:29,logUserIn
FN:40,validatePasswordOrFail
FN:49,findUserByEmail
FN:59,generateToken
FNF:6
FNH:6
FNDA:2,createUser
FNDA:2,validateUniqueEmailOrFail
FNDA:3,logUserIn
FNDA:2,validatePasswordOrFail
FNDA:3,findUserByEmail
FNDA:1,generateToken
DA:1,2
DA:3,2
DA:4,2
DA:6,2
DA:8,2
DA:10,2
DA:12,1
DA:14,1
DA:19,1
DA:23,2
DA:24,2
DA:25,1
DA:29,2
DA:31,3
DA:33,2
DA:35,1
DA:37,1
DA:42,2
DA:43,2
DA:44,2
DA:45,1
DA:50,3
DA:51,3
DA:52,3
DA:53,1
DA:55,2
DA:61,1
DA:63,1
DA:69,2
DA:74,2
DA:75,2
LF:31
LH:31
BRDA:24,0,0,1
BRDA:44,1,0,1
BRDA:52,2,0,1
BRF:3
BRH:3
end_of_record
TN:
SF:tests/helpers.ts
FN:6,cleanDb
FN:12,generateValidToken
FNF:2
FNH:1
FNDA:22,cleanDb
FNDA:0,generateValidToken
DA:1,2
DA:3,2
DA:4,2
DA:6,2
DA:7,22
DA:8,22
DA:9,22
DA:12,2
DA:13,0
DA:14,0
DA:16,0
LF:11
LH:8
BRDA:13,0,0,0
BRDA:13,0,1,0
BRF:2
BRH:0
end_of_record
TN:
SF:tests/factories/credential-factory.ts
FN:6,createCredential
FN:35,findCredentials
FNF:2
FNH:2
FNDA:5,createCredential
FNDA:1,findCredentials
DA:4,2
DA:6,2
DA:8,5
DA:9,5
DA:10,5
DA:11,5
DA:12,5
DA:33,2
DA:35,2
DA:36,1
LF:10
LH:10
BRDA:6,0,0,0
BRF:1
BRH:0
end_of_record
TN:
SF:tests/factories/index.ts
FNF:0
FNH:0
DA:1,2
DA:2,2
LF:2
LH:2
BRF:0
BRH:0
end_of_record
TN:
SF:tests/factories/user-factories.ts
FN:6,createUser
FN:18,findUsers
FNF:2
FNH:2
FNDA:14,createUser
FNDA:1,findUsers
DA:1,2
DA:2,2
DA:4,2
DA:6,2
DA:8,14
DA:9,14
DA:10,14
DA:18,2
DA:19,1
LF:9
LH:9
BRDA:6,0,0,10
BRDA:8,1,0,14
BRDA:8,1,1,10
BRDA:12,2,0,14
BRDA:12,2,1,10
BRF:5
BRH:5
end_of_record
