TN:
SF:src/app.ts
FN:20,init
FN:25,close
FNF:2
FNH:1
FNDA:3,init
FNDA:0,close
DA:1,3
DA:2,3
DA:3,3
DA:4,3
DA:5,3
DA:7,3
DA:9,3
DA:12,3
DA:13,3
DA:20,3
DA:21,3
DA:22,3
DA:25,3
DA:26,0
DA:29,3
LF:15
LH:14
BRF:0
BRH:0
end_of_record
TN:
SF:src/config/database.ts
FN:4,connectDb
FN:8,disconnectDB
FNF:2
FNH:1
FNDA:3,connectDb
FNDA:0,disconnectDB
DA:1,3
DA:4,3
DA:5,3
DA:8,3
DA:9,0
LF:5
LH:4
BRF:0
BRH:0
end_of_record
TN:
SF:src/config/envs.ts
FN:4,loadEnv
FNF:1
FNH:1
FNDA:6,loadEnv
DA:1,3
DA:2,3
DA:4,3
DA:6,6
DA:12,6
DA:13,6
LF:6
LH:6
BRDA:6,0,0,6
BRDA:6,0,1,0
BRDA:8,1,0,0
BRDA:8,1,1,0
BRF:4
BRH:1
end_of_record
TN:
SF:src/config/index.ts
FNF:0
FNH:0
DA:1,3
DA:2,3
LF:2
LH:2
BRF:0
BRH:0
end_of_record
TN:
SF:src/controllers/credentials-controller.ts
FN:6,credentialPost
FN:21,credentialGet
FN:35,credentialGetById
FNF:3
FNH:3
FNDA:2,credentialPost
FNDA:1,credentialGet
FNDA:2,credentialGetById
DA:1,3
DA:3,3
DA:6,3
DA:7,2
DA:9,2
DA:11,2
DA:13,2
DA:15,1
DA:17,1
DA:21,3
DA:23,1
DA:25,1
DA:27,1
DA:28,1
DA:30,0
DA:35,3
DA:37,2
DA:39,2
DA:41,2
DA:42,2
DA:43,1
DA:45,1
LF:22
LH:21
BRF:0
BRH:0
end_of_record
TN:
SF:src/controllers/index.ts
FNF:0
FNH:0
DA:1,3
DA:2,3
DA:3,3
LF:3
LH:3
BRF:0
BRH:0
end_of_record
TN:
SF:src/controllers/networks-controller.ts
FN:6,networkPost
FN:23,networkGet
FN:35,networkGetById
FNF:3
FNH:3
FNDA:2,networkPost
FNDA:1,networkGet
FNDA:3,networkGetById
DA:2,3
DA:4,3
DA:6,3
DA:8,2
DA:10,2
DA:11,2
DA:13,2
DA:15,2
DA:17,1
DA:19,1
DA:23,3
DA:25,1
DA:27,1
DA:29,1
DA:30,1
DA:32,0
DA:35,3
DA:37,3
DA:39,3
DA:41,3
DA:42,3
DA:43,1
DA:45,2
LF:23
LH:22
BRF:0
BRH:0
end_of_record
TN:
SF:src/controllers/users-controller.ts
FN:5,userCreate
FN:15,userLogIn
FNF:2
FNH:2
FNDA:2,userCreate
FNDA:3,userLogIn
DA:1,3
DA:3,3
DA:5,3
DA:6,2
DA:7,2
DA:8,2
DA:9,1
DA:11,1
DA:15,3
DA:17,3
DA:18,3
DA:19,3
DA:21,1
DA:23,2
DA:24,2
DA:26,0
LF:16
LH:15
BRDA:23,0,0,2
BRF:1
BRH:1
end_of_record
TN:
SF:src/errors/index.ts
FNF:0
FNH:0
DA:1,3
DA:2,3
LF:2
LH:2
BRF:0
BRH:0
end_of_record
TN:
SF:src/errors/invalid-data-error.ts
FN:3,invalidDataError
FNF:1
FNH:1
FNDA:6,invalidDataError
DA:3,3
DA:4,6
LF:2
LH:2
BRF:0
BRH:0
end_of_record
TN:
SF:src/errors/unauthorized-error.ts
FN:3,unauthorizedError
FNF:1
FNH:1
FNDA:12,unauthorizedError
DA:3,3
DA:4,12
LF:2
LH:2
BRF:0
BRH:0
end_of_record
TN:
SF:src/middlewares/authentication-middleware.ts
FN:8,authenticateToken
FN:26,generateUnauthorizedResponse
FNF:2
FNH:2
FNDA:25,authenticateToken
FNDA:12,generateUnauthorizedResponse
DA:2,3
DA:3,3
DA:5,3
DA:8,3
DA:9,25
DA:10,25
DA:12,19
DA:13,19
DA:15,19
DA:16,19
DA:18,13
DA:20,13
DA:22,6
DA:27,12
LF:14
LH:14
BRDA:10,0,0,6
BRDA:13,1,0,0
BRF:2
BRH:1
end_of_record
TN:
SF:src/middlewares/index.ts
FNF:0
FNH:0
DA:1,3
DA:2,3
LF:2
LH:2
BRF:0
BRH:0
end_of_record
TN:
SF:src/middlewares/validation-middleware.ts
FN:6,validateBody
FN:10,validateParams
FN:14,validate
FN:15,(anonymous_4)
FN:23,(anonymous_5)
FNF:5
FNH:4
FNDA:12,validateBody
FNDA:0,validateParams
FNDA:12,validate
FNDA:15,(anonymous_4)
FNDA:19,(anonymous_5)
DA:1,3
DA:3,3
DA:6,3
DA:7,12
DA:10,3
DA:11,0
DA:15,12
DA:16,15
DA:20,15
DA:21,9
DA:23,19
LF:11
LH:10
BRDA:20,0,0,9
BRDA:20,0,1,6
BRF:2
BRH:2
end_of_record
TN:
SF:src/repositories/creedential-repository/index.ts
FN:4,findCredentailByUserAndTitle
FN:17,createCrendentialValid
FN:33,findCredentailByUser
FN:44,findCredentailById
FNF:4
FNH:4
FNDA:2,findCredentailByUserAndTitle
FNDA:1,createCrendentialValid
FNDA:1,findCredentailByUser
FNDA:2,findCredentailById
DA:1,3
DA:6,2
DA:13,2
DA:20,1
DA:29,1
DA:35,1
DA:41,1
DA:46,2
DA:52,2
DA:56,3
DA:64,3
LF:11
LH:11
BRF:0
BRH:0
end_of_record
TN:
SF:src/repositories/network-repository/index.ts
FN:4,findNetworkByUserAndTitle
FN:16,createNetworkValid
FN:31,findNetworkByUser
FN:43,findNetworkById
FNF:4
FNH:4
FNDA:2,findNetworkByUserAndTitle
FNDA:2,createNetworkValid
FNDA:3,findNetworkByUser
FNDA:3,findNetworkById
DA:1,3
DA:6,2
DA:12,2
DA:18,2
DA:33,3
DA:39,3
DA:45,3
DA:51,3
DA:55,3
DA:62,3
LF:10
LH:10
BRF:0
BRH:0
end_of_record
TN:
SF:src/repositories/user-repository/index.ts
FN:4,findByEmail
FN:11,create
FNF:2
FNH:2
FNDA:5,findByEmail
FNDA:1,create
DA:1,3
DA:6,5
DA:8,5
DA:13,1
DA:21,3
DA:26,3
LF:6
LH:6
BRF:0
BRH:0
end_of_record
TN:
SF:src/routers/credentials-router.ts
FNF:0
FNH:0
DA:1,3
DA:2,3
DA:3,3
DA:4,3
DA:6,3
DA:8,3
DA:15,3
LF:7
LH:7
BRF:0
BRH:0
end_of_record
TN:
SF:src/routers/index.ts
FNF:0
FNH:0
DA:1,3
DA:2,3
DA:3,3
LF:3
LH:3
BRF:0
BRH:0
end_of_record
TN:
SF:src/routers/networks-router.ts
FNF:0
FNH:0
DA:1,3
DA:2,3
DA:3,3
DA:4,3
DA:7,3
DA:9,3
DA:15,3
LF:7
LH:7
BRF:0
BRH:0
end_of_record
TN:
SF:src/routers/users-router.ts
FNF:0
FNH:0
DA:1,3
DA:3,3
DA:4,3
DA:5,3
DA:7,3
DA:9,3
DA:10,3
DA:12,3
LF:8
LH:8
BRF:0
BRH:0
end_of_record
TN:
SF:src/schemas/credentials-schemas.ts
FNF:0
FNH:0
DA:2,3
DA:4,3
LF:2
LH:2
BRF:0
BRH:0
end_of_record
TN:
SF:src/schemas/index.ts
FNF:0
FNH:0
DA:1,3
DA:2,3
DA:3,3
LF:3
LH:3
BRF:0
BRH:0
end_of_record
TN:
SF:src/schemas/network-schemas.ts
FNF:0
FNH:0
DA:2,3
DA:4,3
LF:2
LH:2
BRF:0
BRH:0
end_of_record
TN:
SF:src/schemas/users-schemas.ts
FNF:0
FNH:0
DA:2,3
DA:4,3
LF:2
LH:2
BRF:0
BRH:0
end_of_record
TN:
SF:src/services/credentials-service.ts
FN:10,createCredential
FN:26,findCredential
FN:34,findCredentialById
FN:52,criptPassword
FN:60,decryptHashPasswords
FN:73,decryptHashPassword
FNF:6
FNH:6
FNDA:2,createCredential
FNDA:1,findCredential
FNDA:2,findCredentialById
FNDA:1,criptPassword
FNDA:1,decryptHashPasswords
FNDA:1,decryptHashPassword
DA:1,3
DA:2,3
DA:7,3
DA:10,3
DA:12,2
DA:14,2
DA:16,1
DA:19,1
DA:21,1
DA:23,1
DA:26,3
DA:28,1
DA:30,1
DA:32,1
DA:34,3
DA:36,2
DA:38,2
DA:39,0
DA:41,2
DA:42,1
DA:45,1
DA:47,1
DA:54,1
DA:55,1
DA:57,1
DA:62,1
DA:63,1
DA:65,1
DA:66,1
DA:69,1
DA:75,1
DA:76,1
DA:77,1
DA:79,1
DA:84,3
DA:90,3
DA:91,3
LF:37
LH:36
BRDA:14,0,0,1
BRDA:38,1,0,0
BRDA:41,2,0,1
BRF:3
BRH:2
end_of_record
TN:
SF:src/services/errors.ts
FN:3,duplicatedEmailError
FN:10,invalidCredentialsError
FN:17,conflictError
FN:24,invalidIdError
FNF:4
FNH:4
FNDA:1,duplicatedEmailError
FNDA:2,invalidCredentialsError
FNDA:1,conflictError
FNDA:3,invalidIdError
DA:3,3
DA:4,1
DA:10,3
DA:11,2
DA:17,3
DA:18,1
DA:24,3
DA:25,3
LF:8
LH:8
BRF:0
BRH:0
end_of_record
TN:
SF:src/services/index.ts
FNF:0
FNH:0
DA:1,1
DA:2,1
DA:3,1
DA:4,1
LF:4
LH:4
BRF:0
BRH:0
end_of_record
TN:
SF:src/services/networks-service.ts
FN:9,createNetwork
FN:23,criptPassword
FN:31,findNetwork
FN:40,findNetworkById
FN:59,decryptHashPasswords
FN:71,decryptHashPassword
FNF:6
FNH:6
FNDA:2,createNetwork
FNDA:2,criptPassword
FNDA:3,findNetwork
FNDA:3,findNetworkById
FNDA:3,decryptHashPasswords
FNDA:1,decryptHashPassword
DA:1,3
DA:2,3
DA:6,3
DA:9,3
DA:11,2
DA:12,2
DA:13,2
DA:14,0
DA:17,2
DA:19,2
DA:20,1
DA:21,1
DA:25,2
DA:26,2
DA:28,2
DA:31,3
DA:33,3
DA:35,3
DA:37,3
DA:40,3
DA:42,3
DA:44,3
DA:45,1
DA:47,2
DA:48,1
DA:49,1
DA:50,1
DA:53,1
DA:55,1
DA:61,3
DA:62,3
DA:64,3
DA:65,2
DA:68,3
DA:73,1
DA:74,1
DA:75,1
DA:77,1
DA:83,3
DA:90,3
DA:91,3
LF:41
LH:40
BRDA:13,0,0,0
BRDA:44,1,0,1
BRDA:47,2,0,1
BRF:3
BRH:2
end_of_record
TN:
SF:src/services/users-service.ts
FN:8,createUser
FN:22,validateUniqueEmailOrFail
FN:29,logUserIn
FN:40,validatePasswordOrFail
FN:49,findUserByEmail
FN:59,generateToken
FNF:6
FNH:6
FNDA:2,createUser
FNDA:2,validateUniqueEmailOrFail
FNDA:3,logUserIn
FNDA:2,validatePasswordOrFail
FNDA:3,findUserByEmail
FNDA:1,generateToken
DA:1,3
DA:3,3
DA:4,3
DA:6,3
DA:8,3
DA:10,2
DA:12,1
DA:14,1
DA:19,1
DA:23,2
DA:24,2
DA:25,1
DA:29,3
DA:31,3
DA:33,2
DA:35,1
DA:37,1
DA:42,2
DA:43,2
DA:44,2
DA:45,1
DA:50,3
DA:51,3
DA:52,3
DA:53,1
DA:55,2
DA:61,1
DA:63,1
DA:69,3
DA:74,3
DA:75,3
LF:31
LH:31
BRDA:24,0,0,1
BRDA:44,1,0,1
BRDA:52,2,0,1
BRF:3
BRH:3
end_of_record
TN:
SF:tests/helpers.ts
FN:6,cleanDb
FN:12,generateValidToken
FNF:2
FNH:1
FNDA:35,cleanDb
FNDA:0,generateValidToken
DA:1,3
DA:3,3
DA:4,3
DA:6,3
DA:7,35
DA:8,35
DA:9,35
DA:12,3
DA:13,0
DA:14,0
DA:16,0
LF:11
LH:8
BRDA:13,0,0,0
BRDA:13,0,1,0
BRF:2
BRH:0
end_of_record
TN:
SF:tests/factories/credential-factory.ts
FN:6,createCredential
FN:36,findCredentials
FNF:2
FNH:2
FNDA:5,createCredential
FNDA:2,findCredentials
DA:2,3
DA:4,3
DA:6,3
DA:8,5
DA:9,5
DA:10,5
DA:11,5
DA:13,5
DA:34,3
DA:36,3
DA:37,2
LF:11
LH:11
BRDA:6,0,0,0
BRDA:8,1,0,5
BRDA:8,1,1,0
BRDA:15,2,0,5
BRDA:15,2,1,0
BRDA:16,3,0,5
BRDA:16,3,1,0
BRDA:17,4,0,5
BRDA:17,4,1,0
BRDA:19,5,0,5
BRDA:19,5,1,0
BRF:11
BRH:5
end_of_record
TN:
SF:tests/factories/index.ts
FNF:0
FNH:0
DA:1,3
DA:2,3
DA:3,3
LF:3
LH:3
BRF:0
BRH:0
end_of_record
TN:
SF:tests/factories/network-factory.ts
FN:6,createNetwork
FN:33,findNetworks
FNF:2
FNH:1
FNDA:5,createNetwork
FNDA:0,findNetworks
DA:2,3
DA:4,3
DA:6,3
DA:8,5
DA:9,5
DA:10,5
DA:11,5
DA:12,5
DA:33,3
DA:34,0
LF:10
LH:9
BRDA:6,0,0,0
BRDA:8,1,0,5
BRDA:8,1,1,0
BRDA:14,2,0,5
BRDA:14,2,1,0
BRDA:15,3,0,5
BRDA:15,3,1,0
BRDA:17,4,0,5
BRDA:17,4,1,0
BRF:9
BRH:4
end_of_record
TN:
SF:tests/factories/user-factories.ts
FN:6,createUser
FN:18,findUsers
FNF:2
FNH:2
FNDA:24,createUser
FNDA:1,findUsers
DA:1,3
DA:2,3
DA:4,3
DA:6,3
DA:8,24
DA:9,24
DA:10,24
DA:18,3
DA:19,1
LF:9
LH:9
BRDA:6,0,0,20
BRDA:8,1,0,24
BRDA:8,1,1,20
BRDA:12,2,0,24
BRDA:12,2,1,20
BRF:5
BRH:5
end_of_record
